#
# There is insufficient memory for the Java Runtime Environment to continue.
# Native memory allocation (malloc) failed to allocate 1048576 bytes. Error detail: AllocateHeap
# Possible reasons:
#   The system is out of physical RAM or swap space
#   This process is running with CompressedOops enabled, and the Java Heap may be blocking the growth of the native heap
# Possible solutions:
#   Reduce memory load on the system
#   Increase physical memory or swap space
#   Check if swap backing store is full
#   Decrease Java heap size (-Xmx/-Xms)
#   Decrease number of Java threads
#   Decrease Java thread stack sizes (-Xss)
#   Set larger code cache with -XX:ReservedCodeCacheSize=
#   JVM is running with Unscaled Compressed Oops mode in which the Java heap is
#     placed in the first 4GB address space. The Java Heap base address is the
#     maximum limit for the native heap growth. Please use -XX:HeapBaseMinAddress
#     to set the Java Heap base and to place the Java Heap above 4GB virtual address.
# This output file may be truncated or incomplete.
#
#  Out of Memory Error (allocation.cpp:44), pid=19324, tid=8200
#
# JRE version: OpenJDK Runtime Environment Temurin-21.0.8+9 (21.0.8+9) (build 21.0.8+9-LTS)
# Java VM: OpenJDK 64-Bit Server VM Temurin-21.0.8+9 (21.0.8+9-LTS, mixed mode, sharing, tiered, compressed oops, compressed class ptrs, parallel gc, windows-amd64)
# No core dump will be written. Minidumps are not enabled by default on client versions of Windows
#

---------------  S U M M A R Y ------------

Command Line: --add-modules=ALL-SYSTEM --add-opens=java.base/java.util=ALL-UNNAMED --add-opens=java.base/java.lang=ALL-UNNAMED --add-opens=java.base/sun.nio.fs=ALL-UNNAMED -Declipse.application=org.eclipse.jdt.ls.core.id1 -Dosgi.bundles.defaultStartLevel=4 -Declipse.product=org.eclipse.jdt.ls.core.product -Djava.import.generatesMetadataFilesAtProjectRoot=false -DDetectVMInstallationsJob.disabled=true -Dfile.encoding=utf8 -XX:+UseParallelGC -XX:GCTimeRatio=4 -XX:AdaptiveSizePolicyWeight=90 -Dsun.zip.disableMemoryMapping=true -Xmx2G -Xms100m -Xlog:disable -javaagent:c:\Users\HP\.vscode\extensions\redhat.java-1.46.0-win32-x64\lombok\lombok-1.18.39-4050.jar -XX:+HeapDumpOnOutOfMemoryError -XX:HeapDumpPath=c:\Users\HP\AppData\Roaming\Code\User\workspaceStorage\01155f6470c2193fb5eef4bf7297330a\redhat.java -Daether.dependencyCollector.impl=bf c:\Users\HP\.vscode\extensions\redhat.java-1.46.0-win32-x64\server\plugins\org.eclipse.equinox.launcher_1.7.0.v20250519-0528.jar -configuration c:\Users\HP\AppData\Roaming\Code\User\globalStorage\redhat.java\1.46.0\config_win -data c:\Users\HP\AppData\Roaming\Code\User\workspaceStorage\01155f6470c2193fb5eef4bf7297330a\redhat.java\jdt_ws --pipe=\\.\pipe\lsp-5d50f5f3202faead75fedbe5c327598a-sock

Host: AMD Ryzen 7 5700U with Radeon Graphics         , 16 cores, 15G,  Windows 11 , 64 bit Build 26100 (10.0.26100.6725)
Time: Wed Oct  8 13:26:38 2025 India Standard Time elapsed time: 14863.741597 seconds (0d 4h 7m 43s)

---------------  T H R E A D  ---------------

Current thread (0x0000022359d06c00):  JavaThread "Attach Listener" daemon [_thread_in_vm, id=8200, stack(0x0000008282100000,0x0000008282200000) (1024K)]

Stack: [0x0000008282100000,0x0000008282200000]
Native frames: (J=compiled Java code, j=interpreted, Vv=VM code, C=native code)
V  [jvm.dll+0x6d2449]
V  [jvm.dll+0x8ae341]
V  [jvm.dll+0x8b08be]
V  [jvm.dll+0x8b0fa3]
V  [jvm.dll+0x280c96]
V  [jvm.dll+0xc0347]
V  [jvm.dll+0x6d2cf9]
V  [jvm.dll+0x131116]
V  [jvm.dll+0x3f2d16]
V  [jvm.dll+0x857e6b]
V  [jvm.dll+0x6d0b0d]
C  [ucrtbase.dll+0x37b0]
C  [KERNEL32.DLL+0x2e8d7]
C  [ntdll.dll+0x8c53c]


---------------  P R O C E S S  ---------------

Threads class SMR info:
_java_thread_list=0x000002237340dd00, length=43, elements={
0x000002235790a630, 0x0000022359c0de50, 0x0000022359d026b0, 0x0000022359d05fb0,
0x0000022359d06c00, 0x0000022359d0b2d0, 0x0000022359d0be50, 0x0000022359d16ef0,
0x0000022371a160a0, 0x0000022371ab4930, 0x0000022371d0c170, 0x00000223785514c0,
0x0000022371af9100, 0x0000022371cff8b0, 0x00000223781a0960, 0x00000223732df0f0,
0x00000223786506e0, 0x0000022371ad0580, 0x00000223782d9270, 0x0000022378f593a0,
0x0000022378f5b470, 0x0000022378f59a30, 0x000002237b9fbdd0, 0x000002237b9fb0b0,
0x000002237b9f9d00, 0x000002237b9faa20, 0x000002237b9f9670, 0x000002237b9fc460,
0x000002237b9fb740, 0x000002237b9fa390, 0x000002237b9f8fe0, 0x000002237b9fd180,
0x000002237b9fe530, 0x000002237b9fdea0, 0x000002237b9febc0, 0x000002237b9fcaf0,
0x000002237b9ff8e0, 0x000002237b9ff250, 0x000002237b9fff70, 0x000002237ba00600,
0x000002237b9fd810, 0x000002237d015240, 0x0000022378f57ff0
}

Java Threads: ( => current thread )
  0x000002235790a630 JavaThread "main"                              [_thread_blocked, id=15984, stack(0x0000008281a00000,0x0000008281b00000) (1024K)]
  0x0000022359c0de50 JavaThread "Reference Handler"          daemon [_thread_blocked, id=18644, stack(0x0000008281e00000,0x0000008281f00000) (1024K)]
  0x0000022359d026b0 JavaThread "Finalizer"                  daemon [_thread_blocked, id=19100, stack(0x0000008281f00000,0x0000008282000000) (1024K)]
  0x0000022359d05fb0 JavaThread "Signal Dispatcher"          daemon [_thread_blocked, id=5320, stack(0x0000008282000000,0x0000008282100000) (1024K)]
=>0x0000022359d06c00 JavaThread "Attach Listener"            daemon [_thread_in_vm, id=8200, stack(0x0000008282100000,0x0000008282200000) (1024K)]
  0x0000022359d0b2d0 JavaThread "Service Thread"             daemon [_thread_blocked, id=2920, stack(0x0000008282200000,0x0000008282300000) (1024K)]
  0x0000022359d0be50 JavaThread "Monitor Deflation Thread"   daemon [_thread_blocked, id=7876, stack(0x0000008282300000,0x0000008282400000) (1024K)]
  0x0000022359d16ef0 JavaThread "C2 CompilerThread0"         daemon [_thread_blocked, id=7900, stack(0x0000008282400000,0x0000008282500000) (1024K)]
  0x0000022371a160a0 JavaThread "C1 CompilerThread0"         daemon [_thread_blocked, id=14368, stack(0x0000008282500000,0x0000008282600000) (1024K)]
  0x0000022371ab4930 JavaThread "Common-Cleaner"             daemon [_thread_blocked, id=5468, stack(0x0000008282600000,0x0000008282700000) (1024K)]
  0x0000022371d0c170 JavaThread "Notification Thread"        daemon [_thread_blocked, id=10184, stack(0x0000008282b00000,0x0000008282c00000) (1024K)]
  0x00000223785514c0 JavaThread "Active Thread: Equinox Container: 084baef5-38ba-40c0-982c-516d5bd95b7c"        [_thread_blocked, id=10508, stack(0x0000008283400000,0x0000008283500000) (1024K)]
  0x0000022371af9100 JavaThread "Refresh Thread: Equinox Container: 084baef5-38ba-40c0-982c-516d5bd95b7c" daemon [_thread_blocked, id=10468, stack(0x0000008282700000,0x0000008282800000) (1024K)]
  0x0000022371cff8b0 JavaThread "Framework Event Dispatcher: Equinox Container: 084baef5-38ba-40c0-982c-516d5bd95b7c" daemon [_thread_blocked, id=18344, stack(0x0000008282800000,0x0000008282900000) (1024K)]
  0x00000223781a0960 JavaThread "Start Level: Equinox Container: 084baef5-38ba-40c0-982c-516d5bd95b7c" daemon [_thread_blocked, id=13660, stack(0x0000008282900000,0x0000008282a00000) (1024K)]
  0x00000223732df0f0 JavaThread "Bundle File Closer"         daemon [_thread_blocked, id=2624, stack(0x0000008283700000,0x0000008283800000) (1024K)]
  0x00000223786506e0 JavaThread "SCR Component Actor"        daemon [_thread_blocked, id=13040, stack(0x0000008283800000,0x0000008283900000) (1024K)]
  0x0000022371ad0580 JavaThread "Worker-JM"                         [_thread_blocked, id=18256, stack(0x0000008283b00000,0x0000008283c00000) (1024K)]
  0x00000223782d9270 JavaThread "JNA Cleaner"                daemon [_thread_blocked, id=10248, stack(0x0000008283d00000,0x0000008283e00000) (1024K)]
  0x0000022378f593a0 JavaThread "Java indexing"              daemon [_thread_blocked, id=15304, stack(0x0000008284300000,0x0000008284400000) (1024K)]
  0x0000022378f5b470 JavaThread "Worker-3"                          [_thread_blocked, id=8064, stack(0x0000008284700000,0x0000008284800000) (1024K)]
  0x0000022378f59a30 JavaThread "Thread-1"                   daemon [_thread_in_native, id=18800, stack(0x0000008284c00000,0x0000008284d00000) (1024K)]
  0x000002237b9fbdd0 JavaThread "Thread-2"                   daemon [_thread_in_native, id=9772, stack(0x0000008284d00000,0x0000008284e00000) (1024K)]
  0x000002237b9fb0b0 JavaThread "Thread-3"                   daemon [_thread_in_native, id=18968, stack(0x0000008284e00000,0x0000008284f00000) (1024K)]
  0x000002237b9f9d00 JavaThread "Thread-4"                   daemon [_thread_in_native, id=7660, stack(0x0000008284f00000,0x0000008285000000) (1024K)]
  0x000002237b9faa20 JavaThread "Thread-5"                   daemon [_thread_in_native, id=11772, stack(0x0000008285000000,0x0000008285100000) (1024K)]
  0x000002237b9f9670 JavaThread "Thread-6"                   daemon [_thread_in_native, id=18532, stack(0x0000008285100000,0x0000008285200000) (1024K)]
  0x000002237b9fc460 JavaThread "Thread-7"                   daemon [_thread_in_native, id=2660, stack(0x0000008285200000,0x0000008285300000) (1024K)]
  0x000002237b9fb740 JavaThread "Thread-8"                   daemon [_thread_in_native, id=12952, stack(0x0000008285300000,0x0000008285400000) (1024K)]
  0x000002237b9fa390 JavaThread "Thread-9"                   daemon [_thread_in_native, id=1688, stack(0x0000008285400000,0x0000008285500000) (1024K)]
  0x000002237b9f8fe0 JavaThread "Thread-10"                  daemon [_thread_in_native, id=17084, stack(0x0000008285500000,0x0000008285600000) (1024K)]
  0x000002237b9fd180 JavaThread "Thread-11"                  daemon [_thread_in_native, id=1676, stack(0x0000008285600000,0x0000008285700000) (1024K)]
  0x000002237b9fe530 JavaThread "Thread-12"                  daemon [_thread_in_native, id=17504, stack(0x0000008285700000,0x0000008285800000) (1024K)]
  0x000002237b9fdea0 JavaThread "Thread-13"                  daemon [_thread_in_native, id=12812, stack(0x0000008285800000,0x0000008285900000) (1024K)]
  0x000002237b9febc0 JavaThread "Thread-14"                  daemon [_thread_in_native, id=984, stack(0x0000008285900000,0x0000008285a00000) (1024K)]
  0x000002237b9fcaf0 JavaThread "Thread-15"                  daemon [_thread_in_native, id=13800, stack(0x0000008285a00000,0x0000008285b00000) (1024K)]
  0x000002237b9ff8e0 JavaThread "Thread-16"                  daemon [_thread_in_native, id=5116, stack(0x0000008285b00000,0x0000008285c00000) (1024K)]
  0x000002237b9ff250 JavaThread "Thread-17"                  daemon [_thread_in_native, id=18524, stack(0x0000008285c00000,0x0000008285d00000) (1024K)]
  0x000002237b9fff70 JavaThread "pool-2-thread-1"                   [_thread_blocked, id=16888, stack(0x0000008285e00000,0x0000008285f00000) (1024K)]
  0x000002237ba00600 JavaThread "WorkspaceEventsHandler"            [_thread_blocked, id=6356, stack(0x0000008286200000,0x0000008286300000) (1024K)]
  0x000002237b9fd810 JavaThread "pool-1-thread-1"                   [_thread_blocked, id=16276, stack(0x0000008286300000,0x0000008286400000) (1024K)]
  0x000002237d015240 JavaThread "Timer-0"                           [_thread_blocked, id=4376, stack(0x0000008286400000,0x0000008286500000) (1024K)]
  0x0000022378f57ff0 JavaThread "Worker-10"                         [_thread_blocked, id=21700, stack(0x0000008283c00000,0x0000008283d00000) (1024K)]
Total: 43

Other Threads:
  0x0000022359cfeb40 VMThread "VM Thread"                           [id=5688, stack(0x0000008281d00000,0x0000008281e00000) (1024K)]
  0x0000022359aeca00 WatcherThread "VM Periodic Task Thread"        [id=10128, stack(0x0000008281c00000,0x0000008281d00000) (1024K)]
  0x0000022359c79a10 WorkerThread "GC Thread#0"                     [id=6888, stack(0x0000008281b00000,0x0000008281c00000) (1024K)]
  0x0000022373954650 WorkerThread "GC Thread#1"                     [id=2120, stack(0x0000008282d00000,0x0000008282e00000) (1024K)]
  0x00000223739554d0 WorkerThread "GC Thread#2"                     [id=12796, stack(0x0000008282e00000,0x0000008282f00000) (1024K)]
  0x00000223739549f0 WorkerThread "GC Thread#3"                     [id=12756, stack(0x0000008282f00000,0x0000008283000000) (1024K)]
  0x0000022373954d90 WorkerThread "GC Thread#4"                     [id=11592, stack(0x0000008283000000,0x0000008283100000) (1024K)]
  0x0000022373955130 WorkerThread "GC Thread#5"                     [id=12788, stack(0x0000008283100000,0x0000008283200000) (1024K)]
  0x0000022373955870 WorkerThread "GC Thread#6"                     [id=11536, stack(0x0000008283200000,0x0000008283300000) (1024K)]
  0x0000022373953f10 WorkerThread "GC Thread#7"                     [id=18880, stack(0x0000008283500000,0x0000008283600000) (1024K)]
  0x0000022371bd0600 WorkerThread "GC Thread#8"                     [id=2768, stack(0x0000008282c00000,0x0000008282d00000) (1024K)]
  0x0000022371bd0d40 WorkerThread "GC Thread#9"                     [id=4164, stack(0x0000008283300000,0x0000008283400000) (1024K)]
  0x0000022371bd10e0 WorkerThread "GC Thread#10"                    [id=9956, stack(0x0000008283600000,0x0000008283700000) (1024K)]
  0x0000022371bd1480 WorkerThread "GC Thread#11"                    [id=8648, stack(0x0000008283900000,0x0000008283a00000) (1024K)]
  0x0000022371bcfec0 WorkerThread "GC Thread#12"                    [id=18596, stack(0x0000008283a00000,0x0000008283b00000) (1024K)]
Total: 15

Threads with active compile tasks:
Total: 0

VM state: not at safepoint (normal execution)

VM Mutex/Monitor currently owned by a thread: None

Heap address: 0x0000000080000000, size: 2048 MB, Compressed Oops mode: 32-bit

CDS archive(s) mapped at: [0x0000022300000000-0x0000022300ba0000-0x0000022300ba0000), size 12189696, SharedBaseAddress: 0x0000022300000000, ArchiveRelocationMode: 1.
Compressed class space mapped at: 0x0000022301000000-0x0000022341000000, reserved size: 1073741824
Narrow klass base: 0x0000022300000000, Narrow klass shift: 0, Narrow klass range: 0x100000000

GC Precious Log:
 CardTable entry size: 512
 CPUs: 16 total, 16 available
 Memory: 15693M
 Large Page Support: Disabled
 NUMA Support: Disabled
 Compressed Oops: Enabled (32-bit)
 Alignments: Space 512K, Generation 512K, Heap 2M
 Heap Min Capacity: 100M
 Heap Initial Capacity: 100M
 Heap Max Capacity: 2G
 Pre-touch: Disabled
 Parallel Workers: 13

Heap:
 PSYoungGen      total 3584K, used 1179K [0x00000000d5580000, 0x00000000d5b80000, 0x0000000100000000)
  eden space 3072K, 26% used [0x00000000d5580000,0x00000000d564eef0,0x00000000d5880000)
  from space 512K, 68% used [0x00000000d5b00000,0x00000000d5b58000,0x00000000d5b80000)
  to   space 512K, 0% used [0x00000000d5a80000,0x00000000d5a80000,0x00000000d5b00000)
 ParOldGen       total 445952K, used 245693K [0x0000000080000000, 0x000000009b380000, 0x00000000d5580000)
  object space 445952K, 55% used [0x0000000080000000,0x000000008efef508,0x000000009b380000)
 Metaspace       used 69788K, committed 71296K, reserved 1114112K
  class space    used 7798K, committed 8512K, reserved 1048576K

Card table byte_map: [0x0000022359600000,0x0000022359a10000] _byte_map_base: 0x0000022359200000

Marking Bits: (ParMarkBitMap*) 0x00007ff8d9d9a340
 Begin Bits: [0x000002236c100000, 0x000002236e100000)
 End Bits:   [0x000002236e100000, 0x0000022370100000)

Polling page: 0x0000022357ae0000

Metaspace:

Usage:
  Non-class:     60.54 MB used.
      Class:      7.62 MB used.
       Both:     68.15 MB used.

Virtual space:
  Non-class space:       64.00 MB reserved,      61.31 MB ( 96%) committed,  1 nodes.
      Class space:        1.00 GB reserved,       8.31 MB ( <1%) committed,  1 nodes.
             Both:        1.06 GB reserved,      69.62 MB (  6%) committed. 

Chunk freelists:
   Non-Class:  2.25 MB
       Class:  7.74 MB
        Both:  9.99 MB

MaxMetaspaceSize: unlimited
CompressedClassSpaceSize: 1.00 GB
Initial GC threshold: 21.00 MB
Current GC threshold: 97.31 MB
CDS: on
 - commit_granule_bytes: 65536.
 - commit_granule_words: 8192.
 - virtual_space_node_default_size: 8388608.
 - enlarge_chunks_in_place: 1.
 - use_allocation_guard: 0.


Internal statistics:

num_allocs_failed_limit: 11.
num_arena_births: 1226.
num_arena_deaths: 14.
num_vsnodes_births: 2.
num_vsnodes_deaths: 0.
num_space_committed: 1114.
num_space_uncommitted: 0.
num_chunks_returned_to_freelist: 25.
num_chunks_taken_from_freelist: 4373.
num_chunk_merges: 16.
num_chunk_splits: 2785.
num_chunks_enlarged: 1700.
num_inconsistent_stats: 0.

CodeHeap 'non-profiled nmethods': size=119168Kb used=10616Kb max_used=10616Kb free=108551Kb
 bounds [0x00000223649f0000, 0x0000022365450000, 0x000002236be50000]
CodeHeap 'profiled nmethods': size=119104Kb used=26571Kb max_used=26571Kb free=92532Kb
 bounds [0x000002235ce50000, 0x000002235e850000, 0x00000223642a0000]
CodeHeap 'non-nmethods': size=7488Kb used=1440Kb max_used=3173Kb free=6048Kb
 bounds [0x00000223642a0000, 0x0000022364610000, 0x00000223649f0000]
CodeCache: size=245760Kb, used=38627Kb, max_used=40360Kb, free=207131Kb
 total_blobs=12335, nmethods=11582, adapters=658, full_count=0
Compilation: enabled, stopped_count=0, restarted_count=0

Compilation events (20 events):
Event: 7682.888 Thread 0x0000022371a160a0 12338   !   3       org.eclipse.osgi.storage.Storage::save0 (246 bytes)
Event: 7682.906 Thread 0x0000022371a160a0 nmethod 12338 0x000002235e83cc90 code [0x000002235e83d1a0, 0x000002235e83fd88]
Event: 8423.245 Thread 0x0000022359d16ef0 12339       4       java.security.AccessController::doPrivileged (9 bytes)
Event: 8423.260 Thread 0x0000022359d16ef0 nmethod 12339 0x000002236544b990 code [0x000002236544bb20, 0x000002236544bbe0]
Event: 8663.297 Thread 0x0000022371a160a0 12340       3       java.util.logging.Logger::getLogger (8 bytes)
Event: 8663.304 Thread 0x0000022371a160a0 nmethod 12340 0x000002235e841310 code [0x000002235e8414e0, 0x000002235e8416a0]
Event: 8663.304 Thread 0x0000022371a160a0 12341       3       java.util.logging.Logger::getLogger (7 bytes)
Event: 8663.304 Thread 0x0000022371a160a0 nmethod 12341 0x000002235e841790 code [0x000002235e841940, 0x000002235e841a68]
Event: 8663.304 Thread 0x0000022371a160a0 12342       3       java.util.logging.Logger::demandLogger (36 bytes)
Event: 8663.317 Thread 0x0000022371a160a0 nmethod 12342 0x000002235e841b10 code [0x000002235e841da0, 0x000002235e842850]
Event: 9346.956 Thread 0x0000022359d16ef0 12343       4       java.util.concurrent.ThreadPoolExecutor::beforeExecute (1 bytes)
Event: 9346.961 Thread 0x0000022359d16ef0 nmethod 12343 0x000002236544bd10 code [0x000002236544bea0, 0x000002236544bf28]
Event: 9477.044 Thread 0x0000022359d16ef0 12344       4       java.util.concurrent.ThreadPoolExecutor::afterExecute (1 bytes)
Event: 9477.047 Thread 0x0000022359d16ef0 nmethod 12344 0x000002236544c010 code [0x000002236544c1a0, 0x000002236544c228]
Event: 11273.777 Thread 0x0000022359d16ef0 12345       4       java.util.concurrent.locks.AbstractQueuedSynchronizer$ConditionObject::canReacquire (38 bytes)
Event: 11273.788 Thread 0x0000022359d16ef0 nmethod 12345 0x000002236544c310 code [0x000002236544c4a0, 0x000002236544c580]
Event: 12933.815 Thread 0x0000022359d16ef0 12346       4       java.util.concurrent.ScheduledThreadPoolExecutor::canRunInCurrentRunState (61 bytes)
Event: 12933.836 Thread 0x0000022359d16ef0 nmethod 12346 0x000002236544c690 code [0x000002236544c820, 0x000002236544c8e8]
Event: 13907.432 Thread 0x0000022359d16ef0 12347       4       org.eclipse.core.internal.resources.MarkerSet::shareStrings (57 bytes)
Event: 13907.528 Thread 0x0000022359d16ef0 nmethod 12347 0x000002236544ca10 code [0x000002236544cc80, 0x000002236544d698]

GC Heap History (20 events):
Event: 7334.813 GC heap before
{Heap before GC invocations=538 (full 3):
 PSYoungGen      total 4096K, used 3736K [0x00000000d5580000, 0x00000000d5c80000, 0x0000000100000000)
  eden space 3072K, 100% used [0x00000000d5580000,0x00000000d5880000,0x00000000d5880000)
  from space 1024K, 64% used [0x00000000d5b80000,0x00000000d5c26000,0x00000000d5c80000)
  to   space 1536K, 0% used [0x00000000d5980000,0x00000000d5980000,0x00000000d5b00000)
 ParOldGen       total 445952K, used 244661K [0x0000000080000000, 0x000000009b380000, 0x00000000d5580000)
  object space 445952K, 54% used [0x0000000080000000,0x000000008eeed508,0x000000009b380000)
 Metaspace       used 69638K, committed 71040K, reserved 1114112K
  class space    used 7794K, committed 8448K, reserved 1048576K
}
Event: 7334.819 GC heap after
{Heap after GC invocations=538 (full 3):
 PSYoungGen      total 4608K, used 384K [0x00000000d5580000, 0x00000000d5c00000, 0x0000000100000000)
  eden space 3072K, 0% used [0x00000000d5580000,0x00000000d5580000,0x00000000d5880000)
  from space 1536K, 25% used [0x00000000d5980000,0x00000000d59e0000,0x00000000d5b00000)
  to   space 1024K, 0% used [0x00000000d5b00000,0x00000000d5b00000,0x00000000d5c00000)
 ParOldGen       total 445952K, used 245053K [0x0000000080000000, 0x000000009b380000, 0x00000000d5580000)
  object space 445952K, 54% used [0x0000000080000000,0x000000008ef4f508,0x000000009b380000)
 Metaspace       used 69638K, committed 71040K, reserved 1114112K
  class space    used 7794K, committed 8448K, reserved 1048576K
}
Event: 7338.519 GC heap before
{Heap before GC invocations=539 (full 3):
 PSYoungGen      total 4608K, used 3456K [0x00000000d5580000, 0x00000000d5c00000, 0x0000000100000000)
  eden space 3072K, 100% used [0x00000000d5580000,0x00000000d5880000,0x00000000d5880000)
  from space 1536K, 25% used [0x00000000d5980000,0x00000000d59e0000,0x00000000d5b00000)
  to   space 1024K, 0% used [0x00000000d5b00000,0x00000000d5b00000,0x00000000d5c00000)
 ParOldGen       total 445952K, used 245053K [0x0000000080000000, 0x000000009b380000, 0x00000000d5580000)
  object space 445952K, 54% used [0x0000000080000000,0x000000008ef4f508,0x000000009b380000)
 Metaspace       used 69653K, committed 71168K, reserved 1114112K
  class space    used 7794K, committed 8448K, reserved 1048576K
}
Event: 7338.524 GC heap after
{Heap after GC invocations=539 (full 3):
 PSYoungGen      total 3584K, used 320K [0x00000000d5580000, 0x00000000d5b80000, 0x0000000100000000)
  eden space 3072K, 0% used [0x00000000d5580000,0x00000000d5580000,0x00000000d5880000)
  from space 512K, 62% used [0x00000000d5b00000,0x00000000d5b50000,0x00000000d5b80000)
  to   space 512K, 0% used [0x00000000d5a80000,0x00000000d5a80000,0x00000000d5b00000)
 ParOldGen       total 445952K, used 245149K [0x0000000080000000, 0x000000009b380000, 0x00000000d5580000)
  object space 445952K, 54% used [0x0000000080000000,0x000000008ef67508,0x000000009b380000)
 Metaspace       used 69653K, committed 71168K, reserved 1114112K
  class space    used 7794K, committed 8448K, reserved 1048576K
}
Event: 7360.663 GC heap before
{Heap before GC invocations=540 (full 3):
 PSYoungGen      total 3584K, used 3392K [0x00000000d5580000, 0x00000000d5b80000, 0x0000000100000000)
  eden space 3072K, 100% used [0x00000000d5580000,0x00000000d5880000,0x00000000d5880000)
  from space 512K, 62% used [0x00000000d5b00000,0x00000000d5b50000,0x00000000d5b80000)
  to   space 512K, 0% used [0x00000000d5a80000,0x00000000d5a80000,0x00000000d5b00000)
 ParOldGen       total 445952K, used 245149K [0x0000000080000000, 0x000000009b380000, 0x00000000d5580000)
  object space 445952K, 54% used [0x0000000080000000,0x000000008ef67508,0x000000009b380000)
 Metaspace       used 69673K, committed 71232K, reserved 1114112K
  class space    used 7797K, committed 8512K, reserved 1048576K
}
Event: 7360.675 GC heap after
{Heap after GC invocations=540 (full 3):
 PSYoungGen      total 3584K, used 352K [0x00000000d5580000, 0x00000000d5b80000, 0x0000000100000000)
  eden space 3072K, 0% used [0x00000000d5580000,0x00000000d5580000,0x00000000d5880000)
  from space 512K, 68% used [0x00000000d5a80000,0x00000000d5ad8000,0x00000000d5b00000)
  to   space 512K, 0% used [0x00000000d5b00000,0x00000000d5b00000,0x00000000d5b80000)
 ParOldGen       total 445952K, used 245229K [0x0000000080000000, 0x000000009b380000, 0x00000000d5580000)
  object space 445952K, 54% used [0x0000000080000000,0x000000008ef7b508,0x000000009b380000)
 Metaspace       used 69673K, committed 71232K, reserved 1114112K
  class space    used 7797K, committed 8512K, reserved 1048576K
}
Event: 7360.736 GC heap before
{Heap before GC invocations=541 (full 3):
 PSYoungGen      total 3584K, used 3424K [0x00000000d5580000, 0x00000000d5b80000, 0x0000000100000000)
  eden space 3072K, 100% used [0x00000000d5580000,0x00000000d5880000,0x00000000d5880000)
  from space 512K, 68% used [0x00000000d5a80000,0x00000000d5ad8000,0x00000000d5b00000)
  to   space 512K, 0% used [0x00000000d5b00000,0x00000000d5b00000,0x00000000d5b80000)
 ParOldGen       total 445952K, used 245229K [0x0000000080000000, 0x000000009b380000, 0x00000000d5580000)
  object space 445952K, 54% used [0x0000000080000000,0x000000008ef7b508,0x000000009b380000)
 Metaspace       used 69680K, committed 71232K, reserved 1114112K
  class space    used 7797K, committed 8512K, reserved 1048576K
}
Event: 7360.738 GC heap after
{Heap after GC invocations=541 (full 3):
 PSYoungGen      total 3584K, used 320K [0x00000000d5580000, 0x00000000d5b80000, 0x0000000100000000)
  eden space 3072K, 0% used [0x00000000d5580000,0x00000000d5580000,0x00000000d5880000)
  from space 512K, 62% used [0x00000000d5b00000,0x00000000d5b50000,0x00000000d5b80000)
  to   space 512K, 0% used [0x00000000d5a80000,0x00000000d5a80000,0x00000000d5b00000)
 ParOldGen       total 445952K, used 245333K [0x0000000080000000, 0x000000009b380000, 0x00000000d5580000)
  object space 445952K, 55% used [0x0000000080000000,0x000000008ef95508,0x000000009b380000)
 Metaspace       used 69680K, committed 71232K, reserved 1114112K
  class space    used 7797K, committed 8512K, reserved 1048576K
}
Event: 7366.180 GC heap before
{Heap before GC invocations=542 (full 3):
 PSYoungGen      total 3584K, used 3392K [0x00000000d5580000, 0x00000000d5b80000, 0x0000000100000000)
  eden space 3072K, 100% used [0x00000000d5580000,0x00000000d5880000,0x00000000d5880000)
  from space 512K, 62% used [0x00000000d5b00000,0x00000000d5b50000,0x00000000d5b80000)
  to   space 512K, 0% used [0x00000000d5a80000,0x00000000d5a80000,0x00000000d5b00000)
 ParOldGen       total 445952K, used 245333K [0x0000000080000000, 0x000000009b380000, 0x00000000d5580000)
  object space 445952K, 55% used [0x0000000080000000,0x000000008ef95508,0x000000009b380000)
 Metaspace       used 69685K, committed 71232K, reserved 1114112K
  class space    used 7798K, committed 8512K, reserved 1048576K
}
Event: 7366.181 GC heap after
{Heap after GC invocations=542 (full 3):
 PSYoungGen      total 3584K, used 320K [0x00000000d5580000, 0x00000000d5b80000, 0x0000000100000000)
  eden space 3072K, 0% used [0x00000000d5580000,0x00000000d5580000,0x00000000d5880000)
  from space 512K, 62% used [0x00000000d5a80000,0x00000000d5ad0000,0x00000000d5b00000)
  to   space 512K, 0% used [0x00000000d5b00000,0x00000000d5b00000,0x00000000d5b80000)
 ParOldGen       total 445952K, used 245381K [0x0000000080000000, 0x000000009b380000, 0x00000000d5580000)
  object space 445952K, 55% used [0x0000000080000000,0x000000008efa1508,0x000000009b380000)
 Metaspace       used 69685K, committed 71232K, reserved 1114112K
  class space    used 7798K, committed 8512K, reserved 1048576K
}
Event: 7385.185 GC heap before
{Heap before GC invocations=543 (full 3):
 PSYoungGen      total 3584K, used 3392K [0x00000000d5580000, 0x00000000d5b80000, 0x0000000100000000)
  eden space 3072K, 100% used [0x00000000d5580000,0x00000000d5880000,0x00000000d5880000)
  from space 512K, 62% used [0x00000000d5a80000,0x00000000d5ad0000,0x00000000d5b00000)
  to   space 512K, 0% used [0x00000000d5b00000,0x00000000d5b00000,0x00000000d5b80000)
 ParOldGen       total 445952K, used 245381K [0x0000000080000000, 0x000000009b380000, 0x00000000d5580000)
  object space 445952K, 55% used [0x0000000080000000,0x000000008efa1508,0x000000009b380000)
 Metaspace       used 69701K, committed 71232K, reserved 1114112K
  class space    used 7798K, committed 8512K, reserved 1048576K
}
Event: 7385.187 GC heap after
{Heap after GC invocations=543 (full 3):
 PSYoungGen      total 3584K, used 320K [0x00000000d5580000, 0x00000000d5b80000, 0x0000000100000000)
  eden space 3072K, 0% used [0x00000000d5580000,0x00000000d5580000,0x00000000d5880000)
  from space 512K, 62% used [0x00000000d5b00000,0x00000000d5b50000,0x00000000d5b80000)
  to   space 512K, 0% used [0x00000000d5a80000,0x00000000d5a80000,0x00000000d5b00000)
 ParOldGen       total 445952K, used 245453K [0x0000000080000000, 0x000000009b380000, 0x00000000d5580000)
  object space 445952K, 55% used [0x0000000080000000,0x000000008efb3508,0x000000009b380000)
 Metaspace       used 69701K, committed 71232K, reserved 1114112K
  class space    used 7798K, committed 8512K, reserved 1048576K
}
Event: 7385.334 GC heap before
{Heap before GC invocations=544 (full 3):
 PSYoungGen      total 3584K, used 3391K [0x00000000d5580000, 0x00000000d5b80000, 0x0000000100000000)
  eden space 3072K, 99% used [0x00000000d5580000,0x00000000d587fff0,0x00000000d5880000)
  from space 512K, 62% used [0x00000000d5b00000,0x00000000d5b50000,0x00000000d5b80000)
  to   space 512K, 0% used [0x00000000d5a80000,0x00000000d5a80000,0x00000000d5b00000)
 ParOldGen       total 445952K, used 245453K [0x0000000080000000, 0x000000009b380000, 0x00000000d5580000)
  object space 445952K, 55% used [0x0000000080000000,0x000000008efb3508,0x000000009b380000)
 Metaspace       used 69706K, committed 71232K, reserved 1114112K
  class space    used 7798K, committed 8512K, reserved 1048576K
}
Event: 7385.336 GC heap after
{Heap after GC invocations=544 (full 3):
 PSYoungGen      total 3584K, used 288K [0x00000000d5580000, 0x00000000d5b80000, 0x0000000100000000)
  eden space 3072K, 0% used [0x00000000d5580000,0x00000000d5580000,0x00000000d5880000)
  from space 512K, 56% used [0x00000000d5a80000,0x00000000d5ac8000,0x00000000d5b00000)
  to   space 512K, 0% used [0x00000000d5b00000,0x00000000d5b00000,0x00000000d5b80000)
 ParOldGen       total 445952K, used 245525K [0x0000000080000000, 0x000000009b380000, 0x00000000d5580000)
  object space 445952K, 55% used [0x0000000080000000,0x000000008efc5508,0x000000009b380000)
 Metaspace       used 69706K, committed 71232K, reserved 1114112K
  class space    used 7798K, committed 8512K, reserved 1048576K
}
Event: 7389.265 GC heap before
{Heap before GC invocations=545 (full 3):
 PSYoungGen      total 3584K, used 3360K [0x00000000d5580000, 0x00000000d5b80000, 0x0000000100000000)
  eden space 3072K, 100% used [0x00000000d5580000,0x00000000d5880000,0x00000000d5880000)
  from space 512K, 56% used [0x00000000d5a80000,0x00000000d5ac8000,0x00000000d5b00000)
  to   space 512K, 0% used [0x00000000d5b00000,0x00000000d5b00000,0x00000000d5b80000)
 ParOldGen       total 445952K, used 245525K [0x0000000080000000, 0x000000009b380000, 0x00000000d5580000)
  object space 445952K, 55% used [0x0000000080000000,0x000000008efc5508,0x000000009b380000)
 Metaspace       used 69707K, committed 71232K, reserved 1114112K
  class space    used 7798K, committed 8512K, reserved 1048576K
}
Event: 7389.275 GC heap after
{Heap after GC invocations=545 (full 3):
 PSYoungGen      total 3584K, used 352K [0x00000000d5580000, 0x00000000d5b80000, 0x0000000100000000)
  eden space 3072K, 0% used [0x00000000d5580000,0x00000000d5580000,0x00000000d5880000)
  from space 512K, 68% used [0x00000000d5b00000,0x00000000d5b58000,0x00000000d5b80000)
  to   space 512K, 0% used [0x00000000d5a80000,0x00000000d5a80000,0x00000000d5b00000)
 ParOldGen       total 445952K, used 245549K [0x0000000080000000, 0x000000009b380000, 0x00000000d5580000)
  object space 445952K, 55% used [0x0000000080000000,0x000000008efcb508,0x000000009b380000)
 Metaspace       used 69707K, committed 71232K, reserved 1114112K
  class space    used 7798K, committed 8512K, reserved 1048576K
}
Event: 7405.432 GC heap before
{Heap before GC invocations=546 (full 3):
 PSYoungGen      total 3584K, used 3424K [0x00000000d5580000, 0x00000000d5b80000, 0x0000000100000000)
  eden space 3072K, 100% used [0x00000000d5580000,0x00000000d5880000,0x00000000d5880000)
  from space 512K, 68% used [0x00000000d5b00000,0x00000000d5b58000,0x00000000d5b80000)
  to   space 512K, 0% used [0x00000000d5a80000,0x00000000d5a80000,0x00000000d5b00000)
 ParOldGen       total 445952K, used 245549K [0x0000000080000000, 0x000000009b380000, 0x00000000d5580000)
  object space 445952K, 55% used [0x0000000080000000,0x000000008efcb508,0x000000009b380000)
 Metaspace       used 69723K, committed 71232K, reserved 1114112K
  class space    used 7798K, committed 8512K, reserved 1048576K
}
Event: 7405.433 GC heap after
{Heap after GC invocations=546 (full 3):
 PSYoungGen      total 3584K, used 384K [0x00000000d5580000, 0x00000000d5b80000, 0x0000000100000000)
  eden space 3072K, 0% used [0x00000000d5580000,0x00000000d5580000,0x00000000d5880000)
  from space 512K, 75% used [0x00000000d5a80000,0x00000000d5ae0000,0x00000000d5b00000)
  to   space 512K, 0% used [0x00000000d5b00000,0x00000000d5b00000,0x00000000d5b80000)
 ParOldGen       total 445952K, used 245653K [0x0000000080000000, 0x000000009b380000, 0x00000000d5580000)
  object space 445952K, 55% used [0x0000000080000000,0x000000008efe5508,0x000000009b380000)
 Metaspace       used 69723K, committed 71232K, reserved 1114112K
  class space    used 7798K, committed 8512K, reserved 1048576K
}
Event: 8419.814 GC heap before
{Heap before GC invocations=547 (full 3):
 PSYoungGen      total 3584K, used 3456K [0x00000000d5580000, 0x00000000d5b80000, 0x0000000100000000)
  eden space 3072K, 100% used [0x00000000d5580000,0x00000000d5880000,0x00000000d5880000)
  from space 512K, 75% used [0x00000000d5a80000,0x00000000d5ae0000,0x00000000d5b00000)
  to   space 512K, 0% used [0x00000000d5b00000,0x00000000d5b00000,0x00000000d5b80000)
 ParOldGen       total 445952K, used 245653K [0x0000000080000000, 0x000000009b380000, 0x00000000d5580000)
  object space 445952K, 55% used [0x0000000080000000,0x000000008efe5508,0x000000009b380000)
 Metaspace       used 69787K, committed 71296K, reserved 1114112K
  class space    used 7798K, committed 8512K, reserved 1048576K
}
Event: 8419.911 GC heap after
{Heap after GC invocations=547 (full 3):
 PSYoungGen      total 3584K, used 352K [0x00000000d5580000, 0x00000000d5b80000, 0x0000000100000000)
  eden space 3072K, 0% used [0x00000000d5580000,0x00000000d5580000,0x00000000d5880000)
  from space 512K, 68% used [0x00000000d5b00000,0x00000000d5b58000,0x00000000d5b80000)
  to   space 512K, 0% used [0x00000000d5a80000,0x00000000d5a80000,0x00000000d5b00000)
 ParOldGen       total 445952K, used 245693K [0x0000000080000000, 0x000000009b380000, 0x00000000d5580000)
  object space 445952K, 55% used [0x0000000080000000,0x000000008efef508,0x000000009b380000)
 Metaspace       used 69787K, committed 71296K, reserved 1114112K
  class space    used 7798K, committed 8512K, reserved 1048576K
}

Dll operation events (13 events):
Event: 0.014 Loaded shared library c:\Users\HP\.vscode\extensions\redhat.java-1.46.0-win32-x64\jre\21.0.8-win32-x86_64\bin\java.dll
Event: 0.129 Loaded shared library c:\Users\HP\.vscode\extensions\redhat.java-1.46.0-win32-x64\jre\21.0.8-win32-x86_64\bin\zip.dll
Event: 0.155 Loaded shared library C:\Users\HP\.vscode\extensions\redhat.java-1.46.0-win32-x64\jre\21.0.8-win32-x86_64\bin\instrument.dll
Event: 0.162 Loaded shared library C:\Users\HP\.vscode\extensions\redhat.java-1.46.0-win32-x64\jre\21.0.8-win32-x86_64\bin\net.dll
Event: 0.165 Loaded shared library C:\Users\HP\.vscode\extensions\redhat.java-1.46.0-win32-x64\jre\21.0.8-win32-x86_64\bin\nio.dll
Event: 0.170 Loaded shared library C:\Users\HP\.vscode\extensions\redhat.java-1.46.0-win32-x64\jre\21.0.8-win32-x86_64\bin\zip.dll
Event: 0.193 Loaded shared library C:\Users\HP\.vscode\extensions\redhat.java-1.46.0-win32-x64\jre\21.0.8-win32-x86_64\bin\jimage.dll
Event: 0.298 Loaded shared library c:\Users\HP\.vscode\extensions\redhat.java-1.46.0-win32-x64\jre\21.0.8-win32-x86_64\bin\verify.dll
Event: 7.793 Loaded shared library C:\Users\HP\AppData\Roaming\Code\User\globalStorage\redhat.java\1.46.0\config_win\org.eclipse.equinox.launcher\org.eclipse.equinox.launcher.win32.win32.x86_64_1.2.1400.v20250801-0854\eclipse_11916.dll
Event: 18.964 Loaded shared library C:\Users\HP\AppData\Local\Temp\jna-2312\jna15340889344430958805.dll
Event: 39.404 Loaded shared library C:\Users\HP\.gradle\native\1def1411415f61bf3af743bc5b6707747c0891f09f0c88961ee8f79bc544acac\windows-amd64\native-platform.dll
Event: 48.714 Loaded shared library C:\Users\HP\.vscode\extensions\redhat.java-1.46.0-win32-x64\jre\21.0.8-win32-x86_64\bin\management.dll
Event: 48.716 Loaded shared library C:\Users\HP\.vscode\extensions\redhat.java-1.46.0-win32-x64\jre\21.0.8-win32-x86_64\bin\management_ext.dll

Deoptimization events (20 events):
Event: 7305.460 Thread 0x0000022378f593a0 DEOPT PACKING pc=0x0000022365393374 sp=0x00000082843fec60
Event: 7305.460 Thread 0x0000022378f593a0 DEOPT UNPACKING pc=0x00000223642f3aa2 sp=0x00000082843febc8 mode 2
Event: 7305.465 Thread 0x0000022378f593a0 DEOPT PACKING pc=0x000002235e7c7c73 sp=0x00000082843fef10
Event: 7305.465 Thread 0x0000022378f593a0 DEOPT UNPACKING pc=0x00000223642f4242 sp=0x00000082843fe3a8 mode 0
Event: 7334.773 Thread 0x000002237ba00600 Uncommon trap: trap_request=0xffffffde fr.pc=0x0000022365304e48 relative=0x0000000000000c28
Event: 7334.773 Thread 0x000002237ba00600 Uncommon trap: reason=class_check action=maybe_recompile pc=0x0000022365304e48 method=org.eclipse.core.internal.dtree.DeltaDataTree.lookup(Lorg/eclipse/core/runtime/IPath;)Lorg/eclipse/core/internal/dtree/DataTreeLookup; @ 125 c2
Event: 7334.773 Thread 0x000002237ba00600 DEOPT PACKING pc=0x0000022365304e48 sp=0x00000082862fe6e0
Event: 7334.773 Thread 0x000002237ba00600 DEOPT UNPACKING pc=0x00000223642f3aa2 sp=0x00000082862fe558 mode 2
Event: 7506.191 Thread 0x0000022378f57ff0 Uncommon trap: trap_request=0xffffffbe fr.pc=0x0000022364c6c8f4 relative=0x0000000000000a34
Event: 7506.191 Thread 0x0000022378f57ff0 Uncommon trap: reason=profile_predicate action=maybe_recompile pc=0x0000022364c6c8f4 method=com.sun.org.apache.xml.internal.serializer.ToStream.writeAttrString(Ljava/io/Writer;Ljava/lang/String;Ljava/lang/String;)V @ 49 c2
Event: 7506.191 Thread 0x0000022378f57ff0 DEOPT PACKING pc=0x0000022364c6c8f4 sp=0x0000008283cfe500
Event: 7506.192 Thread 0x0000022378f57ff0 DEOPT UNPACKING pc=0x00000223642f3aa2 sp=0x0000008283cfe4f8 mode 2
Event: 7506.356 Thread 0x0000022378f57ff0 Uncommon trap: trap_request=0x00000087 fr.pc=0x000002236537338c relative=0x00000000000001cc
Event: 7506.356 Thread 0x0000022378f57ff0 Uncommon trap: reason=unloaded action=reinterpret pc=0x000002236537338c method=org.eclipse.core.internal.resources.MarkerWriter.snap(Lorg/eclipse/core/internal/resources/ResourceInfo;Lorg/eclipse/core/internal/watson/IPathRequestor;Ljava/io/DataOutputStre
Event: 7506.356 Thread 0x0000022378f57ff0 DEOPT PACKING pc=0x000002236537338c sp=0x0000008283cfed20
Event: 7506.357 Thread 0x0000022378f57ff0 DEOPT UNPACKING pc=0x00000223642f3aa2 sp=0x0000008283cfecb0 mode 2
Event: 7506.359 Thread 0x0000022378f57ff0 Uncommon trap: trap_request=0x00000087 fr.pc=0x0000022365448a74 relative=0x0000000000000374
Event: 7506.359 Thread 0x0000022378f57ff0 Uncommon trap: reason=unloaded action=reinterpret pc=0x0000022365448a74 method=org.eclipse.core.internal.resources.MarkerWriter.snap(Lorg/eclipse/core/internal/resources/ResourceInfo;Lorg/eclipse/core/internal/watson/IPathRequestor;Ljava/io/DataOutputStre
Event: 7506.359 Thread 0x0000022378f57ff0 DEOPT PACKING pc=0x0000022365448a74 sp=0x0000008283cfee30
Event: 7506.359 Thread 0x0000022378f57ff0 DEOPT UNPACKING pc=0x00000223642f3aa2 sp=0x0000008283cfec30 mode 2

Classes loaded (20 events):
Event: 1210.803 Loading class java/util/stream/Nodes$ToArrayTask$OfRef
Event: 1210.803 Loading class java/util/stream/Nodes$ToArrayTask
Event: 1210.803 Loading class java/util/stream/Nodes$ToArrayTask done
Event: 1210.803 Loading class java/util/stream/Nodes$ToArrayTask$OfRef done
Event: 1210.811 Loading class java/io/ObjectOutputStream$BlockDataOutputStream
Event: 1210.812 Loading class java/io/ObjectOutputStream$BlockDataOutputStream done
Event: 1210.812 Loading class java/io/ObjectOutputStream$HandleTable
Event: 1210.813 Loading class java/io/ObjectOutputStream$HandleTable done
Event: 1210.813 Loading class java/io/ObjectOutputStream$ReplaceTable
Event: 1210.813 Loading class java/io/ObjectOutputStream$ReplaceTable done
Event: 7206.616 Loading class java/util/stream/ReferencePipeline$4
Event: 7206.622 Loading class java/util/stream/ReferencePipeline$4 done
Event: 7206.628 Loading class java/util/stream/Nodes$IntFixedNodeBuilder
Event: 7206.631 Loading class java/util/stream/Node$Builder$OfInt
Event: 7206.634 Loading class java/util/stream/Node$Builder$OfInt done
Event: 7206.634 Loading class java/util/stream/Nodes$IntArrayNode
Event: 7206.637 Loading class java/util/stream/Nodes$IntArrayNode done
Event: 7206.637 Loading class java/util/stream/Nodes$IntFixedNodeBuilder done
Event: 7206.638 Loading class java/util/stream/ReferencePipeline$4$1
Event: 7206.639 Loading class java/util/stream/ReferencePipeline$4$1 done

Classes unloaded (7 events):
Event: 20.279 Thread 0x0000022359cfeb40 Unloading class 0x00000223011a4800 'java/lang/invoke/LambdaForm$MH+0x00000223011a4800'
Event: 20.279 Thread 0x0000022359cfeb40 Unloading class 0x00000223011a4400 'java/lang/invoke/LambdaForm$MH+0x00000223011a4400'
Event: 20.279 Thread 0x0000022359cfeb40 Unloading class 0x00000223011a4000 'java/lang/invoke/LambdaForm$MH+0x00000223011a4000'
Event: 20.279 Thread 0x0000022359cfeb40 Unloading class 0x00000223011a3c00 'java/lang/invoke/LambdaForm$MH+0x00000223011a3c00'
Event: 20.279 Thread 0x0000022359cfeb40 Unloading class 0x00000223011a3800 'java/lang/invoke/LambdaForm$BMH+0x00000223011a3800'
Event: 20.279 Thread 0x0000022359cfeb40 Unloading class 0x00000223011a3400 'java/lang/invoke/LambdaForm$DMH+0x00000223011a3400'
Event: 20.279 Thread 0x0000022359cfeb40 Unloading class 0x00000223011a2000 'java/lang/invoke/LambdaForm$DMH+0x00000223011a2000'

Classes redefined (0 events):
No events

Internal exceptions (20 events):
Event: 7206.648 Thread 0x000002237d015f60 Exception <a 'java/lang/NoSuchMethodError'{0x00000000d5624168}: 'int java.lang.invoke.DirectMethodHandle$Holder.invokeSpecialIFC(java.lang.Object, java.lang.Object, java.lang.Object)'> (0x00000000d5624168) 
thrown [s\src\hotspot\share\interpreter\linkResolver.cpp, line 773]
Event: 7206.923 Thread 0x000002237d016c80 Exception <a 'java/lang/NoSuchMethodError'{0x00000000d595fba8}: 'void java.lang.invoke.DirectMethodHandle$Holder.invokeVirtual(java.lang.Object, java.lang.Object, java.lang.Object, java.lang.Object, java.lang.Object)'> (0x00000000d595fba8) 
thrown [s\src\hotspot\share\interpreter\linkResolver.cpp, line 773]
Event: 7206.977 Thread 0x000002237ba00600 Exception <a 'sun/nio/fs/WindowsException'{0x00000000d55bd358}> (0x00000000d55bd358) 
thrown [s\src\hotspot\share\prims\jni.cpp, line 520]
Event: 7304.963 Thread 0x000002237ba00600 Exception <a 'sun/nio/fs/WindowsException'{0x00000000d59d4888}> (0x00000000d59d4888) 
thrown [s\src\hotspot\share\prims\jni.cpp, line 520]
Event: 7305.202 Thread 0x0000022378f593a0 Exception <a 'sun/nio/fs/WindowsException'{0x00000000d55fe9c8}> (0x00000000d55fe9c8) 
thrown [s\src\hotspot\share\prims\jni.cpp, line 520]
Event: 7305.444 Thread 0x0000022378f593a0 Exception <a 'sun/nio/fs/WindowsException'{0x00000000d55db8b8}> (0x00000000d55db8b8) 
thrown [s\src\hotspot\share\prims\jni.cpp, line 520]
Event: 7305.460 Thread 0x0000022378f593a0 Implicit null exception at 0x0000022365392d09 to 0x0000022365393354
Event: 7506.239 Thread 0x0000022378f57ff0 Exception <a 'sun/nio/fs/WindowsException'{0x00000000d5761fc8}> (0x00000000d5761fc8) 
thrown [s\src\hotspot\share\prims\jni.cpp, line 520]
Event: 7506.241 Thread 0x0000022378f57ff0 Exception <a 'sun/nio/fs/WindowsException'{0x00000000d5762b10}> (0x00000000d5762b10) 
thrown [s\src\hotspot\share\prims\jni.cpp, line 520]
Event: 7506.248 Thread 0x0000022378f57ff0 Exception <a 'sun/nio/fs/WindowsException'{0x00000000d5764a50}> (0x00000000d5764a50) 
thrown [s\src\hotspot\share\prims\jni.cpp, line 520]
Event: 7506.248 Thread 0x0000022378f57ff0 Exception <a 'sun/nio/fs/WindowsException'{0x00000000d5765580}> (0x00000000d5765580) 
thrown [s\src\hotspot\share\prims\jni.cpp, line 520]
Event: 7506.254 Thread 0x0000022378f57ff0 Exception <a 'sun/nio/fs/WindowsException'{0x00000000d5796fe8}> (0x00000000d5796fe8) 
thrown [s\src\hotspot\share\prims\jni.cpp, line 520]
Event: 7506.254 Thread 0x0000022378f57ff0 Exception <a 'sun/nio/fs/WindowsException'{0x00000000d5797b30}> (0x00000000d5797b30) 
thrown [s\src\hotspot\share\prims\jni.cpp, line 520]
Event: 7506.255 Thread 0x0000022378f57ff0 Exception <a 'sun/nio/fs/WindowsException'{0x00000000d5799448}> (0x00000000d5799448) 
thrown [s\src\hotspot\share\prims\jni.cpp, line 520]
Event: 7506.255 Thread 0x0000022378f57ff0 Exception <a 'sun/nio/fs/WindowsException'{0x00000000d5799f70}> (0x00000000d5799f70) 
thrown [s\src\hotspot\share\prims\jni.cpp, line 520]
Event: 7506.261 Thread 0x0000022378f57ff0 Exception <a 'sun/nio/fs/WindowsException'{0x00000000d579d5a8}> (0x00000000d579d5a8) 
thrown [s\src\hotspot\share\prims\jni.cpp, line 520]
Event: 7506.261 Thread 0x0000022378f57ff0 Exception <a 'sun/nio/fs/WindowsException'{0x00000000d579e0f0}> (0x00000000d579e0f0) 
thrown [s\src\hotspot\share\prims\jni.cpp, line 520]
Event: 7506.263 Thread 0x0000022378f57ff0 Exception <a 'sun/nio/fs/WindowsException'{0x00000000d579fd38}> (0x00000000d579fd38) 
thrown [s\src\hotspot\share\prims\jni.cpp, line 520]
Event: 7506.263 Thread 0x0000022378f57ff0 Exception <a 'sun/nio/fs/WindowsException'{0x00000000d57a0858}> (0x00000000d57a0858) 
thrown [s\src\hotspot\share\prims\jni.cpp, line 520]
Event: 9000.272 Thread 0x000002237b9fd810 Exception <a 'java/lang/IncompatibleClassChangeError'{0x00000000d558d750}: Found class java.lang.Object, but interface was expected> (0x00000000d558d750) 
thrown [s\src\hotspot\share\interpreter\linkResolver.cpp, line 840]

ZGC Phase Switch (0 events):
No events

VM Operations (20 events):
Event: 14587.291 Executing VM operation: HandshakeAllThreads (HandshakeForDeflation)
Event: 14587.301 Executing VM operation: HandshakeAllThreads (HandshakeForDeflation) done
Event: 14587.301 Executing VM operation: RendezvousGCThreads
Event: 14587.301 Executing VM operation: RendezvousGCThreads done
Event: 14647.317 Executing VM operation: HandshakeAllThreads (HandshakeForDeflation)
Event: 14647.317 Executing VM operation: HandshakeAllThreads (HandshakeForDeflation) done
Event: 14647.317 Executing VM operation: RendezvousGCThreads
Event: 14647.317 Executing VM operation: RendezvousGCThreads done
Event: 14707.327 Executing VM operation: HandshakeAllThreads (HandshakeForDeflation)
Event: 14707.327 Executing VM operation: HandshakeAllThreads (HandshakeForDeflation) done
Event: 14707.327 Executing VM operation: RendezvousGCThreads
Event: 14707.327 Executing VM operation: RendezvousGCThreads done
Event: 14767.377 Executing VM operation: HandshakeAllThreads (HandshakeForDeflation)
Event: 14767.377 Executing VM operation: HandshakeAllThreads (HandshakeForDeflation) done
Event: 14767.377 Executing VM operation: RendezvousGCThreads
Event: 14767.377 Executing VM operation: RendezvousGCThreads done
Event: 14827.562 Executing VM operation: HandshakeAllThreads (HandshakeForDeflation)
Event: 14827.562 Executing VM operation: HandshakeAllThreads (HandshakeForDeflation) done
Event: 14827.562 Executing VM operation: RendezvousGCThreads
Event: 14827.562 Executing VM operation: RendezvousGCThreads done

Memory protections (0 events):
No events

Nmethod flushes (20 events):
Event: 50.195 Thread 0x0000022359cfeb40 flushing  nmethod 0x000002235d7c6710
Event: 50.195 Thread 0x0000022359cfeb40 flushing  nmethod 0x000002235d7c6d10
Event: 50.195 Thread 0x0000022359cfeb40 flushing  nmethod 0x000002235d7c7b90
Event: 50.195 Thread 0x0000022359cfeb40 flushing  nmethod 0x000002235d7c9a90
Event: 50.195 Thread 0x0000022359cfeb40 flushing  nmethod 0x000002235d7fd110
Event: 50.195 Thread 0x0000022359cfeb40 flushing  nmethod 0x000002235d80ad90
Event: 50.195 Thread 0x0000022359cfeb40 flushing  nmethod 0x000002235d856b90
Event: 50.195 Thread 0x0000022359cfeb40 flushing  nmethod 0x000002235d858210
Event: 50.195 Thread 0x0000022359cfeb40 flushing  nmethod 0x000002235d859c90
Event: 50.195 Thread 0x0000022359cfeb40 flushing osr nmethod 0x000002235d85d610
Event: 50.195 Thread 0x0000022359cfeb40 flushing  nmethod 0x000002235d871f10
Event: 50.195 Thread 0x0000022359cfeb40 flushing  nmethod 0x000002235d872910
Event: 50.195 Thread 0x0000022359cfeb40 flushing  nmethod 0x000002235d874410
Event: 50.195 Thread 0x0000022359cfeb40 flushing  nmethod 0x000002235d875d10
Event: 50.195 Thread 0x0000022359cfeb40 flushing  nmethod 0x000002235d876190
Event: 50.196 Thread 0x0000022359cfeb40 flushing  nmethod 0x000002235d876510
Event: 50.196 Thread 0x0000022359cfeb40 flushing  nmethod 0x000002235d877e10
Event: 50.196 Thread 0x0000022359cfeb40 flushing  nmethod 0x000002235d87a590
Event: 50.196 Thread 0x0000022359cfeb40 flushing  nmethod 0x000002235d87ca10
Event: 50.196 Thread 0x0000022359cfeb40 flushing  nmethod 0x000002235d885110

Events (20 events):
Event: 7506.270 Thread 0x000002237d016c80 Thread added: 0x0000022378f5ade0
Event: 7506.270 Thread 0x000002237d016c80 Thread added: 0x000002237999cce0
Event: 7506.272 Thread 0x000002237d015f60 Thread added: 0x000002237999da00
Event: 7506.273 Thread 0x0000022378f5ade0 Thread added: 0x000002237999edb0
Event: 7506.273 Thread 0x000002237d016c80 Thread added: 0x000002237999d370
Event: 7506.274 Thread 0x000002237d016c80 Thread added: 0x000002237999e090
Event: 7506.277 Thread 0x000002237999d370 Thread exited: 0x000002237999d370
Event: 7506.277 Thread 0x000002237999e090 Thread exited: 0x000002237999e090
Event: 7506.277 Thread 0x000002237999edb0 Thread exited: 0x000002237999edb0
Event: 7506.277 Thread 0x000002237d015f60 Thread exited: 0x000002237d015f60
Event: 7506.277 Thread 0x000002237999da00 Thread exited: 0x000002237999da00
Event: 7506.277 Thread 0x000002237999cce0 Thread exited: 0x000002237999cce0
Event: 7506.277 Thread 0x000002237d016c80 Thread exited: 0x000002237d016c80
Event: 7506.277 Thread 0x0000022378f5ade0 Thread exited: 0x0000022378f5ade0
Event: 7506.560 Thread 0x000002237d0186c0 Thread exited: 0x000002237d0186c0
Event: 7506.560 Thread 0x000002237d0165f0 Thread exited: 0x000002237d0165f0
Event: 7507.104 Thread 0x000002237d017310 Thread exited: 0x000002237d017310
Event: 7507.106 Thread 0x0000022378f5a0c0 Thread exited: 0x0000022378f5a0c0
Event: 7507.275 Thread 0x0000022378f5a750 Thread exited: 0x0000022378f5a750
Event: 7605.267 Thread 0x0000022378f58680 Thread exited: 0x0000022378f58680


Dynamic libraries:
0x00007ff6e3c60000 - 0x00007ff6e3c6e000 	c:\Users\HP\.vscode\extensions\redhat.java-1.46.0-win32-x64\jre\21.0.8-win32-x86_64\bin\java.exe
0x00007ff93dde0000 - 0x00007ff93e048000 	C:\WINDOWS\SYSTEM32\ntdll.dll
0x00007ff93da50000 - 0x00007ff93db19000 	C:\WINDOWS\System32\KERNEL32.DLL
0x00007ff93af70000 - 0x00007ff93b362000 	C:\WINDOWS\System32\KERNELBASE.dll
0x00007ff93ba60000 - 0x00007ff93bbab000 	C:\WINDOWS\System32\ucrtbase.dll
0x00007ff923520000 - 0x00007ff923538000 	c:\Users\HP\.vscode\extensions\redhat.java-1.46.0-win32-x64\jre\21.0.8-win32-x86_64\bin\jli.dll
0x00007ff9227e0000 - 0x00007ff9227fe000 	c:\Users\HP\.vscode\extensions\redhat.java-1.46.0-win32-x64\jre\21.0.8-win32-x86_64\bin\VCRUNTIME140.dll
0x00007ff93cd90000 - 0x00007ff93cf55000 	C:\WINDOWS\System32\USER32.dll
0x00007ff93b770000 - 0x00007ff93b797000 	C:\WINDOWS\System32\win32u.dll
0x00007ff93c1f0000 - 0x00007ff93c21b000 	C:\WINDOWS\System32\GDI32.dll
0x00007ff924390000 - 0x00007ff924623000 	C:\WINDOWS\WinSxS\amd64_microsoft.windows.common-controls_6595b64144ccf1df_6.0.26100.6725_none_3e085828e334708b\COMCTL32.dll
0x00007ff93cc30000 - 0x00007ff93ccd9000 	C:\WINDOWS\System32\msvcrt.dll
0x00007ff93b640000 - 0x00007ff93b76d000 	C:\WINDOWS\System32\gdi32full.dll
0x00007ff93b910000 - 0x00007ff93b9b3000 	C:\WINDOWS\System32\msvcp_win.dll
0x00007ff93c500000 - 0x00007ff93c52f000 	C:\WINDOWS\System32\IMM32.DLL
0x00007ff9318a0000 - 0x00007ff9318ac000 	c:\Users\HP\.vscode\extensions\redhat.java-1.46.0-win32-x64\jre\21.0.8-win32-x86_64\bin\vcruntime140_1.dll
0x00007ff90cfc0000 - 0x00007ff90d04d000 	c:\Users\HP\.vscode\extensions\redhat.java-1.46.0-win32-x64\jre\21.0.8-win32-x86_64\bin\msvcp140.dll
0x00007ff8d90e0000 - 0x00007ff8d9e77000 	c:\Users\HP\.vscode\extensions\redhat.java-1.46.0-win32-x64\jre\21.0.8-win32-x86_64\bin\server\jvm.dll
0x00007ff93db70000 - 0x00007ff93dc24000 	C:\WINDOWS\System32\ADVAPI32.dll
0x00007ff93cce0000 - 0x00007ff93cd86000 	C:\WINDOWS\System32\sechost.dll
0x00007ff93dc30000 - 0x00007ff93dd48000 	C:\WINDOWS\System32\RPCRT4.dll
0x00007ff93cba0000 - 0x00007ff93cc14000 	C:\WINDOWS\System32\WS2_32.dll
0x00007ff93ad20000 - 0x00007ff93ad7e000 	C:\WINDOWS\SYSTEM32\POWRPROF.dll
0x00007ff934070000 - 0x00007ff9340a5000 	C:\WINDOWS\SYSTEM32\WINMM.dll
0x00007ff9343a0000 - 0x00007ff9343ab000 	C:\WINDOWS\SYSTEM32\VERSION.dll
0x00007ff93ad00000 - 0x00007ff93ad14000 	C:\WINDOWS\SYSTEM32\UMPDC.dll
0x00007ff939d40000 - 0x00007ff939d5b000 	C:\WINDOWS\SYSTEM32\kernel.appcore.dll
0x00007ff9310d0000 - 0x00007ff9310da000 	c:\Users\HP\.vscode\extensions\redhat.java-1.46.0-win32-x64\jre\21.0.8-win32-x86_64\bin\jimage.dll
0x00007ff930130000 - 0x00007ff930372000 	C:\WINDOWS\SYSTEM32\DBGHELP.DLL
0x00007ff93c820000 - 0x00007ff93cb9b000 	C:\WINDOWS\System32\combase.dll
0x00007ff93c740000 - 0x00007ff93c817000 	C:\WINDOWS\System32\OLEAUT32.dll
0x00007ff920960000 - 0x00007ff92099c000 	C:\WINDOWS\SYSTEM32\dbgcore.DLL
0x00007ff93b9c0000 - 0x00007ff93ba58000 	C:\WINDOWS\System32\bcryptPrimitives.dll
0x00007ff928230000 - 0x00007ff92823f000 	c:\Users\HP\.vscode\extensions\redhat.java-1.46.0-win32-x64\jre\21.0.8-win32-x86_64\bin\instrument.dll
0x00007ff90cfa0000 - 0x00007ff90cfbf000 	c:\Users\HP\.vscode\extensions\redhat.java-1.46.0-win32-x64\jre\21.0.8-win32-x86_64\bin\java.dll
0x00007ff93d1e0000 - 0x00007ff93d92c000 	C:\WINDOWS\System32\SHELL32.dll
0x00007ff93b7a0000 - 0x00007ff93b90b000 	C:\WINDOWS\System32\wintypes.dll
0x00007ff938be0000 - 0x00007ff93943d000 	C:\WINDOWS\SYSTEM32\windows.storage.dll
0x00007ff93c220000 - 0x00007ff93c312000 	C:\WINDOWS\System32\SHCORE.dll
0x00007ff93c6d0000 - 0x00007ff93c732000 	C:\WINDOWS\System32\shlwapi.dll
0x00007ff93ae90000 - 0x00007ff93aeb9000 	C:\WINDOWS\SYSTEM32\profapi.dll
0x00007ff90cf80000 - 0x00007ff90cf98000 	c:\Users\HP\.vscode\extensions\redhat.java-1.46.0-win32-x64\jre\21.0.8-win32-x86_64\bin\zip.dll
0x00007ff930ff0000 - 0x00007ff931000000 	C:\Users\HP\.vscode\extensions\redhat.java-1.46.0-win32-x64\jre\21.0.8-win32-x86_64\bin\net.dll
0x00007ff931c00000 - 0x00007ff931d1f000 	C:\WINDOWS\SYSTEM32\WINHTTP.dll
0x00007ff93a2b0000 - 0x00007ff93a31b000 	C:\WINDOWS\system32\mswsock.dll
0x00007ff90cf60000 - 0x00007ff90cf76000 	C:\Users\HP\.vscode\extensions\redhat.java-1.46.0-win32-x64\jre\21.0.8-win32-x86_64\bin\nio.dll
0x00007ff9246b0000 - 0x00007ff9246c0000 	c:\Users\HP\.vscode\extensions\redhat.java-1.46.0-win32-x64\jre\21.0.8-win32-x86_64\bin\verify.dll
0x00007ff901e80000 - 0x00007ff901ec4000 	C:\Users\HP\AppData\Roaming\Code\User\globalStorage\redhat.java\1.46.0\config_win\org.eclipse.equinox.launcher\org.eclipse.equinox.launcher.win32.win32.x86_64_1.2.1400.v20250801-0854\eclipse_11916.dll
0x00007ff93c050000 - 0x00007ff93c1e8000 	C:\WINDOWS\System32\ole32.dll
0x00007ff93a570000 - 0x00007ff93a58b000 	C:\WINDOWS\SYSTEM32\CRYPTSP.dll
0x00007ff939ca0000 - 0x00007ff939cdb000 	C:\WINDOWS\system32\rsaenh.dll
0x00007ff93a350000 - 0x00007ff93a37b000 	C:\WINDOWS\SYSTEM32\USERENV.dll
0x00007ff93ae60000 - 0x00007ff93ae86000 	C:\WINDOWS\SYSTEM32\bcrypt.dll
0x00007ff93a560000 - 0x00007ff93a56c000 	C:\WINDOWS\SYSTEM32\CRYPTBASE.dll
0x00007ff939810000 - 0x00007ff939844000 	C:\WINDOWS\SYSTEM32\IPHLPAPI.DLL
0x00007ff93c040000 - 0x00007ff93c04a000 	C:\WINDOWS\System32\NSI.dll
0x00007ff8d8830000 - 0x00007ff8d8879000 	C:\Users\HP\AppData\Local\Temp\jna-2312\jna15340889344430958805.dll
0x00007ff93d1d0000 - 0x00007ff93d1d8000 	C:\WINDOWS\System32\PSAPI.DLL
0x00007ff935930000 - 0x00007ff93594e000 	C:\WINDOWS\SYSTEM32\dhcpcsvc6.DLL
0x00007ff9358f0000 - 0x00007ff935913000 	C:\WINDOWS\SYSTEM32\dhcpcsvc.DLL
0x00007ff900ff0000 - 0x00007ff901017000 	C:\Users\HP\.gradle\native\1def1411415f61bf3af743bc5b6707747c0891f09f0c88961ee8f79bc544acac\windows-amd64\native-platform.dll
0x00007ff923510000 - 0x00007ff92351a000 	C:\Users\HP\.vscode\extensions\redhat.java-1.46.0-win32-x64\jre\21.0.8-win32-x86_64\bin\management.dll
0x00007ff922c10000 - 0x00007ff922c1b000 	C:\Users\HP\.vscode\extensions\redhat.java-1.46.0-win32-x64\jre\21.0.8-win32-x86_64\bin\management_ext.dll

JVMTI agents:
c:\Users\HP\.vscode\extensions\redhat.java-1.46.0-win32-x64\lombok\lombok-1.18.39-4050.jar path:c:\Users\HP\.vscode\extensions\redhat.java-1.46.0-win32-x64\jre\21.0.8-win32-x86_64\bin\instrument.dll, loaded, initialized, instrumentlib options:none

dbghelp: loaded successfully - version: 4.0.5 - missing functions: none
symbol engine: initialized successfully - sym options: 0x614 - pdb path: .;c:\Users\HP\.vscode\extensions\redhat.java-1.46.0-win32-x64\jre\21.0.8-win32-x86_64\bin;C:\WINDOWS\SYSTEM32;C:\WINDOWS\WinSxS\amd64_microsoft.windows.common-controls_6595b64144ccf1df_6.0.26100.6725_none_3e085828e334708b;c:\Users\HP\.vscode\extensions\redhat.java-1.46.0-win32-x64\jre\21.0.8-win32-x86_64\bin\server;C:\Users\HP\AppData\Roaming\Code\User\globalStorage\redhat.java\1.46.0\config_win\org.eclipse.equinox.launcher\org.eclipse.equinox.launcher.win32.win32.x86_64_1.2.1400.v20250801-0854;C:\Users\HP\AppData\Local\Temp\jna-2312;C:\Users\HP\.gradle\native\1def1411415f61bf3af743bc5b6707747c0891f09f0c88961ee8f79bc544acac\windows-amd64

VM Arguments:
jvm_args: --add-modules=ALL-SYSTEM --add-opens=java.base/java.util=ALL-UNNAMED --add-opens=java.base/java.lang=ALL-UNNAMED --add-opens=java.base/sun.nio.fs=ALL-UNNAMED -Declipse.application=org.eclipse.jdt.ls.core.id1 -Dosgi.bundles.defaultStartLevel=4 -Declipse.product=org.eclipse.jdt.ls.core.product -Djava.import.generatesMetadataFilesAtProjectRoot=false -DDetectVMInstallationsJob.disabled=true -Dfile.encoding=utf8 -XX:+UseParallelGC -XX:GCTimeRatio=4 -XX:AdaptiveSizePolicyWeight=90 -Dsun.zip.disableMemoryMapping=true -Xmx2G -Xms100m -Xlog:disable -javaagent:c:\Users\HP\.vscode\extensions\redhat.java-1.46.0-win32-x64\lombok\lombok-1.18.39-4050.jar -XX:+HeapDumpOnOutOfMemoryError -XX:HeapDumpPath=c:\Users\HP\AppData\Roaming\Code\User\workspaceStorage\01155f6470c2193fb5eef4bf7297330a\redhat.java -Daether.dependencyCollector.impl=bf 
java_command: c:\Users\HP\.vscode\extensions\redhat.java-1.46.0-win32-x64\server\plugins\org.eclipse.equinox.launcher_1.7.0.v20250519-0528.jar -configuration c:\Users\HP\AppData\Roaming\Code\User\globalStorage\redhat.java\1.46.0\config_win -data c:\Users\HP\AppData\Roaming\Code\User\workspaceStorage\01155f6470c2193fb5eef4bf7297330a\redhat.java\jdt_ws --pipe=\\.\pipe\lsp-5d50f5f3202faead75fedbe5c327598a-sock
java_class_path (initial): c:\Users\HP\.vscode\extensions\redhat.java-1.46.0-win32-x64\server\plugins\org.eclipse.equinox.launcher_1.7.0.v20250519-0528.jar
Launcher Type: SUN_STANDARD

[Global flags]
    uintx AdaptiveSizePolicyWeight                 = 90                                        {product} {command line}
     intx CICompilerCount                          = 12                                        {product} {ergonomic}
    uintx GCTimeRatio                              = 4                                         {product} {command line}
     bool HeapDumpOnOutOfMemoryError               = true                                   {manageable} {command line}
    ccstr HeapDumpPath                             = c:\Users\HP\AppData\Roaming\Code\User\workspaceStorage\01155f6470c2193fb5eef4bf7297330a\redhat.java         {manageable} {command line}
   size_t InitialHeapSize                          = 104857600                                 {product} {command line}
   size_t MaxHeapSize                              = 2147483648                                {product} {command line}
   size_t MaxNewSize                               = 715653120                                 {product} {ergonomic}
   size_t MinHeapDeltaBytes                        = 524288                                    {product} {ergonomic}
   size_t MinHeapSize                              = 104857600                                 {product} {command line}
   size_t NewSize                                  = 34603008                                  {product} {ergonomic}
    uintx NonNMethodCodeHeapSize                   = 7602480                                {pd product} {ergonomic}
    uintx NonProfiledCodeHeapSize                  = 122027880                              {pd product} {ergonomic}
   size_t OldSize                                  = 70254592                                  {product} {ergonomic}
    uintx ProfiledCodeHeapSize                     = 122027880                              {pd product} {ergonomic}
    uintx ReservedCodeCacheSize                    = 251658240                              {pd product} {ergonomic}
     bool SegmentedCodeCache                       = true                                      {product} {ergonomic}
   size_t SoftMaxHeapSize                          = 2147483648                             {manageable} {ergonomic}
     bool UseCompressedOops                        = true                           {product lp64_product} {ergonomic}
     bool UseLargePagesIndividualAllocation        = false                                  {pd product} {ergonomic}
     bool UseParallelGC                            = true                                      {product} {command line}

Logging:
Log output configuration:
 #0: stdout all=off uptime,level,tags foldmultilines=false
 #1: stderr all=off uptime,level,tags foldmultilines=false

Environment Variables:
JAVA_HOME=C:\Program Files\Java\jdk-17
PATH=C:\Program Files\Common Files\Oracle\Java\javapath;C:\WINDOWS\system32;C:\WINDOWS;C:\WINDOWS\System32\Wbem;C:\WINDOWS\System32\WindowsPowerShell\v1.0\;C:\WINDOWS\System32\OpenSSH\;C:\Program Files\Git\cmd;C:\Program Files\nodejs\;C:\Users\HP\AppData\Local\Android\Sdk\platform-tools;C:\Program Files\Java\jdk-17\bin;C:\Users\HP\AppData\Local\Android\Sdk\tools;C:\Users\HP\AppData\Local\Android\Sdk\tools\bin;C:\Windows;C:\Users\HP\AppData\Local\Programs\Python\Python313\Scripts;C:\Users\HP\AppData\Local\Programs\Python\Python313\;C:\Users\HP\AppData\Local\Programs\Python\Launcher\;C:\Users\HP\AppData\Local\Microsoft\WindowsApps;C:\Users\HP\AppData\Local\Programs\Microsoft VS Code\bin;C:\Users\HP\AppData\Local\GitHubDesktop\bin;C:\Program Files\Java\jdk-17\bin;C:\flutter\bin;C:\Program Files\Java\jdk-17;C:\Users\HP\AppData\Roaming\npm;C:\Users\HP\AppData\Local\Android\Sdk\platform-tools
USERNAME=HP
OS=Windows_NT
PROCESSOR_IDENTIFIER=AMD64 Family 23 Model 104 Stepping 1, AuthenticAMD
TMP=C:\Users\HP\AppData\Local\Temp
TEMP=C:\Users\HP\AppData\Local\Temp




Periodic native trim disabled

---------------  S Y S T E M  ---------------

OS:
 Windows 11 , 64 bit Build 26100 (10.0.26100.6725)
OS uptime: 0 days 4:13 hours

CPU: total 16 (initial active 16) (16 cores per cpu, 2 threads per core) family 23 model 104 stepping 1 microcode 0x8608107, cx8, cmov, fxsr, ht, mmx, 3dnowpref, sse, sse2, sse3, ssse3, sse4a, sse4.1, sse4.2, popcnt, lzcnt, tsc, tscinvbit, avx, avx2, aes, clmul, bmi1, bmi2, adx, sha, fma, vzeroupper, clflush, clflushopt, rdtscp, rdpid, f16c
Processor Information for the first 16 processors :
  Max Mhz: 1801, Current Mhz: 1801, Mhz Limit: 1801

Memory: 4k page, system-wide physical 15693M (725M free)
TotalPageFile size 57778M (AvailPageFile size 30M)
current process WorkingSet (physical memory assigned to process): 11M, peak: 833M
current process commit charge ("private bytes"): 810M, peak: 816M

vm_info: OpenJDK 64-Bit Server VM (21.0.8+9-LTS) for windows-amd64 JRE (21.0.8+9-LTS), built on 2025-07-15T00:00:00Z by "admin" with MS VC++ 17.7 (VS2022)

END.
