#
# There is insufficient memory for the Java Runtime Environment to continue.
# Native memory allocation (malloc) failed to allocate 1504976 bytes. Error detail: Chunk::new
# Possible reasons:
#   The system is out of physical RAM or swap space
#   This process is running with CompressedOops enabled, and the Java Heap may be blocking the growth of the native heap
# Possible solutions:
#   Reduce memory load on the system
#   Increase physical memory or swap space
#   Check if swap backing store is full
#   Decrease Java heap size (-Xmx/-Xms)
#   Decrease number of Java threads
#   Decrease Java thread stack sizes (-Xss)
#   Set larger code cache with -XX:ReservedCodeCacheSize=
#   JVM is running with Unscaled Compressed Oops mode in which the Java heap is
#     placed in the first 4GB address space. The Java Heap base address is the
#     maximum limit for the native heap growth. Please use -XX:HeapBaseMinAddress
#     to set the Java Heap base and to place the Java Heap above 4GB virtual address.
# This output file may be truncated or incomplete.
#
#  Out of Memory Error (arena.cpp:168), pid=23888, tid=4144
#
# JRE version: OpenJDK Runtime Environment Temurin-21.0.8+9 (21.0.8+9) (build 21.0.8+9-LTS)
# Java VM: OpenJDK 64-Bit Server VM Temurin-21.0.8+9 (21.0.8+9-LTS, mixed mode, sharing, tiered, compressed oops, compressed class ptrs, parallel gc, windows-amd64)
# No core dump will be written. Minidumps are not enabled by default on client versions of Windows
#

---------------  S U M M A R Y ------------

Command Line: --add-modules=ALL-SYSTEM --add-opens=java.base/java.util=ALL-UNNAMED --add-opens=java.base/java.lang=ALL-UNNAMED --add-opens=java.base/sun.nio.fs=ALL-UNNAMED -Declipse.application=org.eclipse.jdt.ls.core.id1 -Dosgi.bundles.defaultStartLevel=4 -Declipse.product=org.eclipse.jdt.ls.core.product -Djava.import.generatesMetadataFilesAtProjectRoot=false -DDetectVMInstallationsJob.disabled=true -Dfile.encoding=utf8 -XX:+UseParallelGC -XX:GCTimeRatio=4 -XX:AdaptiveSizePolicyWeight=90 -Dsun.zip.disableMemoryMapping=true -Xmx2G -Xms100m -Xlog:disable -javaagent:c:\Users\HP\.vscode\extensions\redhat.java-1.46.0-win32-x64\lombok\lombok-1.18.39-4050.jar c:\Users\HP\.vscode\extensions\redhat.java-1.46.0-win32-x64\server\plugins\org.eclipse.equinox.launcher_1.7.0.v20250519-0528.jar -configuration c:\Users\HP\AppData\Roaming\Code\User\globalStorage\redhat.java\1.46.0\config_ss_win -data c:\Users\HP\AppData\Roaming\Code\User\workspaceStorage\01155f6470c2193fb5eef4bf7297330a\redhat.java\ss_ws --pipe=\\.\pipe\lsp-3482ddfb6d2bb2a2aea582f10c6c6299-sock

Host: AMD Ryzen 7 5700U with Radeon Graphics         , 16 cores, 15G,  Windows 11 , 64 bit Build 26100 (10.0.26100.6725)
Time: Tue Oct 14 12:49:56 2025 India Standard Time elapsed time: 20.860767 seconds (0d 0h 0m 20s)

---------------  T H R E A D  ---------------

Current thread (0x0000014ad17174c0):  JavaThread "C2 CompilerThread0" daemon [_thread_in_native, id=4144, stack(0x0000001db8b00000,0x0000001db8c00000) (1024K)]


Current CompileTask:
C2:20860 2685       4       java.lang.invoke.MethodType::makeImpl (109 bytes)

Stack: [0x0000001db8b00000,0x0000001db8c00000]
Native frames: (J=compiled Java code, j=interpreted, Vv=VM code, C=native code)
V  [jvm.dll+0x6d2449]
V  [jvm.dll+0x8ae341]
V  [jvm.dll+0x8b08be]
V  [jvm.dll+0x8b0fa3]
V  [jvm.dll+0x280c96]
V  [jvm.dll+0xc581d]
V  [jvm.dll+0xc5d53]
V  [jvm.dll+0x3b9162]
V  [jvm.dll+0x385315]
V  [jvm.dll+0x38477a]
V  [jvm.dll+0x248ed0]
V  [jvm.dll+0x2484af]
V  [jvm.dll+0x1c89ee]
V  [jvm.dll+0x257d4d]
V  [jvm.dll+0x2562ea]
V  [jvm.dll+0x3f2d16]
V  [jvm.dll+0x857e6b]
V  [jvm.dll+0x6d0b0d]
C  [ucrtbase.dll+0x37b0]
C  [KERNEL32.DLL+0x2e8d7]
C  [ntdll.dll+0x8c53c]


---------------  P R O C E S S  ---------------

Threads class SMR info:
_java_thread_list=0x0000014ad18ebf70, length=22, elements={
0x0000014af65f2770, 0x0000014afffad360, 0x0000014ad16e6ec0, 0x0000014ad16ec5c0,
0x0000014ad16ef120, 0x0000014ad16f10d0, 0x0000014ad16f6940, 0x0000014ad17174c0,
0x0000014ad172e2e0, 0x0000014ad180fe50, 0x0000014ad1a4bcb0, 0x0000014ad78dc4f0,
0x0000014ad18208e0, 0x0000014ad181f0c0, 0x0000014ad1a77dc0, 0x0000014ad768bb70,
0x0000014ad708d080, 0x0000014ad73512f0, 0x0000014ad7091710, 0x0000014ad777ad80,
0x0000014ad777b450, 0x0000014ad777bb20
}

Java Threads: ( => current thread )
  0x0000014af65f2770 JavaThread "main"                              [_thread_blocked, id=18984, stack(0x0000001db8100000,0x0000001db8200000) (1024K)]
  0x0000014afffad360 JavaThread "Reference Handler"          daemon [_thread_blocked, id=8956, stack(0x0000001db8500000,0x0000001db8600000) (1024K)]
  0x0000014ad16e6ec0 JavaThread "Finalizer"                  daemon [_thread_blocked, id=19084, stack(0x0000001db8600000,0x0000001db8700000) (1024K)]
  0x0000014ad16ec5c0 JavaThread "Signal Dispatcher"          daemon [_thread_blocked, id=10704, stack(0x0000001db8700000,0x0000001db8800000) (1024K)]
  0x0000014ad16ef120 JavaThread "Attach Listener"            daemon [_thread_blocked, id=15500, stack(0x0000001db8800000,0x0000001db8900000) (1024K)]
  0x0000014ad16f10d0 JavaThread "Service Thread"             daemon [_thread_blocked, id=8888, stack(0x0000001db8900000,0x0000001db8a00000) (1024K)]
  0x0000014ad16f6940 JavaThread "Monitor Deflation Thread"   daemon [_thread_blocked, id=10040, stack(0x0000001db8a00000,0x0000001db8b00000) (1024K)]
=>0x0000014ad17174c0 JavaThread "C2 CompilerThread0"         daemon [_thread_in_native, id=4144, stack(0x0000001db8b00000,0x0000001db8c00000) (1024K)]
  0x0000014ad172e2e0 JavaThread "C1 CompilerThread0"         daemon [_thread_blocked, id=13728, stack(0x0000001db8c00000,0x0000001db8d00000) (1024K)]
  0x0000014ad180fe50 JavaThread "Common-Cleaner"             daemon [_thread_blocked, id=4736, stack(0x0000001db8d00000,0x0000001db8e00000) (1024K)]
  0x0000014ad1a4bcb0 JavaThread "Notification Thread"        daemon [_thread_blocked, id=3268, stack(0x0000001db9000000,0x0000001db9100000) (1024K)]
  0x0000014ad78dc4f0 JavaThread "Active Thread: Equinox Container: 6c4b4b74-1127-4601-801e-546515ef3398"        [_thread_blocked, id=21320, stack(0x0000001db9800000,0x0000001db9900000) (1024K)]
  0x0000014ad18208e0 JavaThread "Framework Event Dispatcher: Equinox Container: 6c4b4b74-1127-4601-801e-546515ef3398" daemon [_thread_blocked, id=15892, stack(0x0000001db8e00000,0x0000001db8f00000) (1024K)]
  0x0000014ad181f0c0 JavaThread "Start Level: Equinox Container: 6c4b4b74-1127-4601-801e-546515ef3398" daemon [_thread_in_Java, id=15968, stack(0x0000001db8f00000,0x0000001db9000000) (1024K)]
  0x0000014ad1a77dc0 JavaThread "SCR Component Actor"        daemon [_thread_blocked, id=4784, stack(0x0000001db9900000,0x0000001db9a00000) (1024K)]
  0x0000014ad768bb70 JavaThread "Worker-JM"                         [_thread_blocked, id=13152, stack(0x0000001db9c00000,0x0000001db9d00000) (1024K)]
  0x0000014ad708d080 JavaThread "JNA Cleaner"                daemon [_thread_blocked, id=16916, stack(0x0000001db9e00000,0x0000001db9f00000) (1024K)]
  0x0000014ad73512f0 JavaThread "Worker-0"                          [_thread_blocked, id=16788, stack(0x0000001db9f00000,0x0000001dba000000) (1024K)]
  0x0000014ad7091710 JavaThread "Worker-1"                          [_thread_blocked, id=17900, stack(0x0000001dba000000,0x0000001dba100000) (1024K)]
  0x0000014ad777ad80 JavaThread "C1 CompilerThread1"         daemon [_thread_blocked, id=14884, stack(0x0000001db9a00000,0x0000001db9b00000) (1024K)]
  0x0000014ad777b450 JavaThread "C2 CompilerThread1"         daemon [_thread_in_native, id=15964, stack(0x0000001dba100000,0x0000001dba200000) (1024K)]
  0x0000014ad777bb20 JavaThread "C2 CompilerThread2"         daemon [_thread_in_native, id=19124, stack(0x0000001dba500000,0x0000001dba600000) (1024K)]
Total: 22

Other Threads:
  0x0000014ad16e1210 VMThread "VM Thread"                           [id=23416, stack(0x0000001db8400000,0x0000001db8500000) (1024K)]
  0x0000014affe8ca10 WatcherThread "VM Periodic Task Thread"        [id=18436, stack(0x0000001db8300000,0x0000001db8400000) (1024K)]
  0x0000014af6610fa0 WorkerThread "GC Thread#0"                     [id=16760, stack(0x0000001db8200000,0x0000001db8300000) (1024K)]
  0x0000014ad722ef70 WorkerThread "GC Thread#1"                     [id=23608, stack(0x0000001db9200000,0x0000001db9300000) (1024K)]
  0x0000014ad74d2890 WorkerThread "GC Thread#2"                     [id=10556, stack(0x0000001db9300000,0x0000001db9400000) (1024K)]
  0x0000014ad74d2c30 WorkerThread "GC Thread#3"                     [id=6808, stack(0x0000001db9400000,0x0000001db9500000) (1024K)]
  0x0000014ad74d2fd0 WorkerThread "GC Thread#4"                     [id=14700, stack(0x0000001db9500000,0x0000001db9600000) (1024K)]
  0x0000014ad74d3370 WorkerThread "GC Thread#5"                     [id=9080, stack(0x0000001db9600000,0x0000001db9700000) (1024K)]
  0x0000014ad74d3710 WorkerThread "GC Thread#6"                     [id=5056, stack(0x0000001db9700000,0x0000001db9800000) (1024K)]
  0x0000014ad181f720 WorkerThread "GC Thread#7"                     [id=15652, stack(0x0000001db9100000,0x0000001db9200000) (1024K)]
  0x0000014ad7982b60 WorkerThread "GC Thread#8"                     [id=14508, stack(0x0000001db9b00000,0x0000001db9c00000) (1024K)]
  0x0000014ad79832a0 WorkerThread "GC Thread#9"                     [id=19452, stack(0x0000001db9d00000,0x0000001db9e00000) (1024K)]
  0x0000014ad7982f00 WorkerThread "GC Thread#10"                    [id=23040, stack(0x0000001dba200000,0x0000001dba300000) (1024K)]
  0x0000014ad7983640 WorkerThread "GC Thread#11"                    [id=16456, stack(0x0000001dba300000,0x0000001dba400000) (1024K)]
  0x0000014ad7982080 WorkerThread "GC Thread#12"                    [id=12348, stack(0x0000001dba400000,0x0000001dba500000) (1024K)]
Total: 15

Threads with active compile tasks:
C2 CompilerThread0  20902 2685       4       java.lang.invoke.MethodType::makeImpl (109 bytes)
C1 CompilerThread0  20902 2792       3       org.lombokweb.asm.MethodVisitor::visitFieldInsn (20 bytes)
C1 CompilerThread1  20902 2790       3       org.lombokweb.asm.MethodWriter::visitFieldInsn (258 bytes)
C2 CompilerThread1  20902 2779       4       org.lombokweb.asm.SymbolTable::addConstantMemberReference (29 bytes)
C2 CompilerThread2  20902 2760       4       org.lombokweb.asm.ClassReader::readClass (7 bytes)
Total: 5

VM state: not at safepoint (normal execution)

VM Mutex/Monitor currently owned by a thread: None

Heap address: 0x0000000080000000, size: 2048 MB, Compressed Oops mode: 32-bit

CDS archive(s) mapped at: [0x0000014a8f000000-0x0000014a8fba0000-0x0000014a8fba0000), size 12189696, SharedBaseAddress: 0x0000014a8f000000, ArchiveRelocationMode: 1.
Compressed class space mapped at: 0x0000014a90000000-0x0000014ad0000000, reserved size: 1073741824
Narrow klass base: 0x0000014a8f000000, Narrow klass shift: 0, Narrow klass range: 0x100000000

GC Precious Log:
 CardTable entry size: 512
 CPUs: 16 total, 16 available
 Memory: 15693M
 Large Page Support: Disabled
 NUMA Support: Disabled
 Compressed Oops: Enabled (32-bit)
 Alignments: Space 512K, Generation 512K, Heap 2M
 Heap Min Capacity: 100M
 Heap Initial Capacity: 100M
 Heap Max Capacity: 2G
 Pre-touch: Disabled
 Parallel Workers: 13

Heap:
 PSYoungGen      total 29696K, used 15610K [0x00000000d5580000, 0x00000000d7680000, 0x0000000100000000)
  eden space 25600K, 45% used [0x00000000d5580000,0x00000000d60c33e8,0x00000000d6e80000)
  from space 4096K, 99% used [0x00000000d7280000,0x00000000d767b590,0x00000000d7680000)
  to   space 4096K, 0% used [0x00000000d6e80000,0x00000000d6e80000,0x00000000d7280000)
 ParOldGen       total 68608K, used 4461K [0x0000000080000000, 0x0000000084300000, 0x00000000d5580000)
  object space 68608K, 6% used [0x0000000080000000,0x000000008045b438,0x0000000084300000)
 Metaspace       used 17448K, committed 18048K, reserved 1114112K
  class space    used 1815K, committed 2048K, reserved 1048576K

Card table byte_map: [0x0000014afb2c0000,0x0000014afb6d0000] _byte_map_base: 0x0000014afaec0000

Marking Bits: (ParMarkBitMap*) 0x00007ffc0df6a340
 Begin Bits: [0x0000014afb980000, 0x0000014afd980000)
 End Bits:   [0x0000014afd980000, 0x0000014aff980000)

Polling page: 0x0000014af6a50000

Metaspace:

Usage:
  Non-class:     15.27 MB used.
      Class:      1.77 MB used.
       Both:     17.04 MB used.

Virtual space:
  Non-class space:       64.00 MB reserved,      15.62 MB ( 24%) committed,  1 nodes.
      Class space:        1.00 GB reserved,       2.00 MB ( <1%) committed,  1 nodes.
             Both:        1.06 GB reserved,      17.62 MB (  2%) committed. 

Chunk freelists:
   Non-Class:  15.98 MB
       Class:  13.81 MB
        Both:  29.80 MB

MaxMetaspaceSize: unlimited
CompressedClassSpaceSize: 1.00 GB
Initial GC threshold: 21.00 MB
Current GC threshold: 21.00 MB
CDS: on
 - commit_granule_bytes: 65536.
 - commit_granule_words: 8192.
 - virtual_space_node_default_size: 8388608.
 - enlarge_chunks_in_place: 1.
 - use_allocation_guard: 0.


Internal statistics:

num_allocs_failed_limit: 0.
num_arena_births: 504.
num_arena_deaths: 0.
num_vsnodes_births: 2.
num_vsnodes_deaths: 0.
num_space_committed: 282.
num_space_uncommitted: 0.
num_chunks_returned_to_freelist: 0.
num_chunks_taken_from_freelist: 1155.
num_chunk_merges: 0.
num_chunk_splits: 728.
num_chunks_enlarged: 460.
num_inconsistent_stats: 0.

CodeHeap 'non-profiled nmethods': size=119168Kb used=1097Kb max_used=1097Kb free=118070Kb
 bounds [0x0000014a87ba0000, 0x0000014a87e10000, 0x0000014a8f000000]
CodeHeap 'profiled nmethods': size=119104Kb used=5483Kb max_used=5483Kb free=113620Kb
 bounds [0x0000014a80000000, 0x0000014a80560000, 0x0000014a87450000]
CodeHeap 'non-nmethods': size=7488Kb used=1834Kb max_used=2372Kb free=5653Kb
 bounds [0x0000014a87450000, 0x0000014a876c0000, 0x0000014a87ba0000]
CodeCache: size=245760Kb, used=8414Kb, max_used=8952Kb, free=237343Kb
 total_blobs=3331, nmethods=2782, adapters=454, full_count=0
Compilation: enabled, stopped_count=0, restarted_count=0

Compilation events (20 events):
Event: 19.810 Thread 0x0000014ad172e2e0 2716       3       org.lombokweb.asm.MethodVisitor::<init> (7 bytes)
Event: 19.810 Thread 0x0000014ad172e2e0 nmethod 2716 0x0000014a8052fa90 code [0x0000014a8052fc40, 0x0000014a8052fd88]
Event: 19.810 Thread 0x0000014ad172e2e0 2717       3       org.lombokweb.asm.ClassVisitor::visitMethod (24 bytes)
Event: 19.810 Thread 0x0000014ad172e2e0 nmethod 2717 0x0000014a8052fe10 code [0x0000014a8052ffc0, 0x0000014a805301f8]
Event: 19.810 Thread 0x0000014ad172e2e0 2720       3       org.lombokweb.asm.MethodWriter::computeMethodInfoSize (571 bytes)
Event: 19.811 Thread 0x0000014ad777ad80 nmethod 2722 0x0000014a80530310 code [0x0000014a80530a20, 0x0000014a805330c8]
Event: 19.811 Thread 0x0000014ad777ad80 2721       3       org.lombokweb.asm.MethodWriter::hasFrames (13 bytes)
Event: 19.811 Thread 0x0000014ad172e2e0 nmethod 2720 0x0000014a80534390 code [0x0000014a805346c0, 0x0000014a80535578]
Event: 19.812 Thread 0x0000014ad777ad80 nmethod 2721 0x0000014a80535c10 code [0x0000014a80535da0, 0x0000014a80535f00]
Event: 19.824 Thread 0x0000014ad777ad80 2723       3       java.util.concurrent.ConcurrentHashMap::remove (32 bytes)
Event: 19.824 Thread 0x0000014ad777a6b0 nmethod 2707 0x0000014a87cabd90 code [0x0000014a87cabf80, 0x0000014a87cac930]
Event: 19.824 Thread 0x0000014ad777a6b0 2709       4       org.lombokweb.asm.ClassReader::readUTF8 (23 bytes)
Event: 19.824 Thread 0x0000014ad777ad80 nmethod 2723 0x0000014a80535f90 code [0x0000014a80536160, 0x0000014a80536428]
Event: 19.842 Thread 0x0000014ad777a6b0 nmethod 2709 0x0000014a87cace90 code [0x0000014a87cad080, 0x0000014a87cadaf0]
Event: 19.842 Thread 0x0000014ad777a6b0 2718       4       org.lombokweb.asm.Symbol::<init> (38 bytes)
Event: 19.842 Thread 0x0000014ad777a6b0 nmethod 2718 0x0000014a87cae110 code [0x0000014a87cae2a0, 0x0000014a87cae360]
Event: 19.842 Thread 0x0000014ad777a6b0 2719       4       org.lombokweb.asm.SymbolTable::add (39 bytes)
Event: 19.843 Thread 0x0000014ad777a6b0 nmethod 2719 0x0000014a87cae410 code [0x0000014a87cae5a0, 0x0000014a87cae6f0]
Event: 19.843 Thread 0x0000014ad777a6b0 2710       4       org.lombokweb.asm.ClassReader::readInt (52 bytes)
Event: 19.844 Thread 0x0000014ad777a6b0 nmethod 2710 0x0000014a87cae810 code [0x0000014a87cae9a0, 0x0000014a87caeac0]

GC Heap History (8 events):
Event: 1.877 GC heap before
{Heap before GC invocations=1 (full 0):
 PSYoungGen      total 29696K, used 25600K [0x00000000d5580000, 0x00000000d7680000, 0x0000000100000000)
  eden space 25600K, 100% used [0x00000000d5580000,0x00000000d6e80000,0x00000000d6e80000)
  from space 4096K, 0% used [0x00000000d7280000,0x00000000d7280000,0x00000000d7680000)
  to   space 4096K, 0% used [0x00000000d6e80000,0x00000000d6e80000,0x00000000d7280000)
 ParOldGen       total 68608K, used 0K [0x0000000080000000, 0x0000000084300000, 0x00000000d5580000)
  object space 68608K, 0% used [0x0000000080000000,0x0000000080000000,0x0000000084300000)
 Metaspace       used 4212K, committed 4480K, reserved 1114112K
  class space    used 462K, committed 576K, reserved 1048576K
}
Event: 1.901 GC heap after
{Heap after GC invocations=1 (full 0):
 PSYoungGen      total 29696K, used 3860K [0x00000000d5580000, 0x00000000d7680000, 0x0000000100000000)
  eden space 25600K, 0% used [0x00000000d5580000,0x00000000d5580000,0x00000000d6e80000)
  from space 4096K, 94% used [0x00000000d6e80000,0x00000000d7245040,0x00000000d7280000)
  to   space 4096K, 0% used [0x00000000d7280000,0x00000000d7280000,0x00000000d7680000)
 ParOldGen       total 68608K, used 8K [0x0000000080000000, 0x0000000084300000, 0x00000000d5580000)
  object space 68608K, 0% used [0x0000000080000000,0x0000000080002000,0x0000000084300000)
 Metaspace       used 4212K, committed 4480K, reserved 1114112K
  class space    used 462K, committed 576K, reserved 1048576K
}
Event: 13.362 GC heap before
{Heap before GC invocations=2 (full 0):
 PSYoungGen      total 29696K, used 29460K [0x00000000d5580000, 0x00000000d7680000, 0x0000000100000000)
  eden space 25600K, 100% used [0x00000000d5580000,0x00000000d6e80000,0x00000000d6e80000)
  from space 4096K, 94% used [0x00000000d6e80000,0x00000000d7245040,0x00000000d7280000)
  to   space 4096K, 0% used [0x00000000d7280000,0x00000000d7280000,0x00000000d7680000)
 ParOldGen       total 68608K, used 8K [0x0000000080000000, 0x0000000084300000, 0x00000000d5580000)
  object space 68608K, 0% used [0x0000000080000000,0x0000000080002000,0x0000000084300000)
 Metaspace       used 8008K, committed 8320K, reserved 1114112K
  class space    used 841K, committed 960K, reserved 1048576K
}
Event: 13.369 GC heap after
{Heap after GC invocations=2 (full 0):
 PSYoungGen      total 29696K, used 4069K [0x00000000d5580000, 0x00000000d7680000, 0x0000000100000000)
  eden space 25600K, 0% used [0x00000000d5580000,0x00000000d5580000,0x00000000d6e80000)
  from space 4096K, 99% used [0x00000000d7280000,0x00000000d7679780,0x00000000d7680000)
  to   space 4096K, 0% used [0x00000000d6e80000,0x00000000d6e80000,0x00000000d7280000)
 ParOldGen       total 68608K, used 867K [0x0000000080000000, 0x0000000084300000, 0x00000000d5580000)
  object space 68608K, 1% used [0x0000000080000000,0x00000000800d8ec8,0x0000000084300000)
 Metaspace       used 8008K, committed 8320K, reserved 1114112K
  class space    used 841K, committed 960K, reserved 1048576K
}
Event: 14.496 GC heap before
{Heap before GC invocations=3 (full 0):
 PSYoungGen      total 29696K, used 29669K [0x00000000d5580000, 0x00000000d7680000, 0x0000000100000000)
  eden space 25600K, 100% used [0x00000000d5580000,0x00000000d6e80000,0x00000000d6e80000)
  from space 4096K, 99% used [0x00000000d7280000,0x00000000d7679780,0x00000000d7680000)
  to   space 4096K, 0% used [0x00000000d6e80000,0x00000000d6e80000,0x00000000d7280000)
 ParOldGen       total 68608K, used 867K [0x0000000080000000, 0x0000000084300000, 0x00000000d5580000)
  object space 68608K, 1% used [0x0000000080000000,0x00000000800d8ec8,0x0000000084300000)
 Metaspace       used 12840K, committed 13312K, reserved 1114112K
  class space    used 1352K, committed 1600K, reserved 1048576K
}
Event: 14.502 GC heap after
{Heap after GC invocations=3 (full 0):
 PSYoungGen      total 29696K, used 4070K [0x00000000d5580000, 0x00000000d7680000, 0x0000000100000000)
  eden space 25600K, 0% used [0x00000000d5580000,0x00000000d5580000,0x00000000d6e80000)
  from space 4096K, 99% used [0x00000000d6e80000,0x00000000d7279878,0x00000000d7280000)
  to   space 4096K, 0% used [0x00000000d7280000,0x00000000d7280000,0x00000000d7680000)
 ParOldGen       total 68608K, used 2575K [0x0000000080000000, 0x0000000084300000, 0x00000000d5580000)
  object space 68608K, 3% used [0x0000000080000000,0x0000000080283ef8,0x0000000084300000)
 Metaspace       used 12840K, committed 13312K, reserved 1114112K
  class space    used 1352K, committed 1600K, reserved 1048576K
}
Event: 19.820 GC heap before
{Heap before GC invocations=4 (full 0):
 PSYoungGen      total 29696K, used 29670K [0x00000000d5580000, 0x00000000d7680000, 0x0000000100000000)
  eden space 25600K, 100% used [0x00000000d5580000,0x00000000d6e80000,0x00000000d6e80000)
  from space 4096K, 99% used [0x00000000d6e80000,0x00000000d7279878,0x00000000d7280000)
  to   space 4096K, 0% used [0x00000000d7280000,0x00000000d7280000,0x00000000d7680000)
 ParOldGen       total 68608K, used 2575K [0x0000000080000000, 0x0000000084300000, 0x00000000d5580000)
  object space 68608K, 3% used [0x0000000080000000,0x0000000080283ef8,0x0000000084300000)
 Metaspace       used 16887K, committed 17536K, reserved 1114112K
  class space    used 1769K, committed 2048K, reserved 1048576K
}
Event: 19.823 GC heap after
{Heap after GC invocations=4 (full 0):
 PSYoungGen      total 29696K, used 4077K [0x00000000d5580000, 0x00000000d7680000, 0x0000000100000000)
  eden space 25600K, 0% used [0x00000000d5580000,0x00000000d5580000,0x00000000d6e80000)
  from space 4096K, 99% used [0x00000000d7280000,0x00000000d767b590,0x00000000d7680000)
  to   space 4096K, 0% used [0x00000000d6e80000,0x00000000d6e80000,0x00000000d7280000)
 ParOldGen       total 68608K, used 4461K [0x0000000080000000, 0x0000000084300000, 0x00000000d5580000)
  object space 68608K, 6% used [0x0000000080000000,0x000000008045b438,0x0000000084300000)
 Metaspace       used 16887K, committed 17536K, reserved 1114112K
  class space    used 1769K, committed 2048K, reserved 1048576K
}

Dll operation events (10 events):
Event: 0.068 Loaded shared library c:\Users\HP\.vscode\extensions\redhat.java-1.46.0-win32-x64\jre\21.0.8-win32-x86_64\bin\java.dll
Event: 0.171 Loaded shared library c:\Users\HP\.vscode\extensions\redhat.java-1.46.0-win32-x64\jre\21.0.8-win32-x86_64\bin\zip.dll
Event: 0.205 Loaded shared library C:\Users\HP\.vscode\extensions\redhat.java-1.46.0-win32-x64\jre\21.0.8-win32-x86_64\bin\instrument.dll
Event: 0.214 Loaded shared library C:\Users\HP\.vscode\extensions\redhat.java-1.46.0-win32-x64\jre\21.0.8-win32-x86_64\bin\net.dll
Event: 0.220 Loaded shared library C:\Users\HP\.vscode\extensions\redhat.java-1.46.0-win32-x64\jre\21.0.8-win32-x86_64\bin\nio.dll
Event: 0.226 Loaded shared library C:\Users\HP\.vscode\extensions\redhat.java-1.46.0-win32-x64\jre\21.0.8-win32-x86_64\bin\zip.dll
Event: 0.267 Loaded shared library C:\Users\HP\.vscode\extensions\redhat.java-1.46.0-win32-x64\jre\21.0.8-win32-x86_64\bin\jimage.dll
Event: 0.523 Loaded shared library c:\Users\HP\.vscode\extensions\redhat.java-1.46.0-win32-x64\jre\21.0.8-win32-x86_64\bin\verify.dll
Event: 13.678 Loaded shared library C:\Users\HP\AppData\Roaming\Code\User\globalStorage\redhat.java\1.46.0\config_ss_win\org.eclipse.equinox.launcher\org.eclipse.equinox.launcher.win32.win32.x86_64_1.2.1400.v20250801-0854\eclipse_11916.dll
Event: 17.425 Loaded shared library C:\Users\HP\AppData\Local\Temp\jna-2312\jna11899887883980240116.dll

Deoptimization events (20 events):
Event: 19.783 Thread 0x0000014ad181f0c0 Uncommon trap: trap_request=0xffffff45 fr.pc=0x0000014a87c94570 relative=0x0000000000001010
Event: 19.783 Thread 0x0000014ad181f0c0 Uncommon trap: reason=unstable_if action=reinterpret pc=0x0000014a87c94570 method=jdk.internal.org.objectweb.asm.Frame.execute(IILjdk/internal/org/objectweb/asm/Symbol;Ljdk/internal/org/objectweb/asm/SymbolTable;)V @ 1 c2
Event: 19.783 Thread 0x0000014ad181f0c0 DEOPT PACKING pc=0x0000014a87c94570 sp=0x0000001db8ff7dd0
Event: 19.783 Thread 0x0000014ad181f0c0 DEOPT UNPACKING pc=0x0000014a874a3aa2 sp=0x0000001db8ff7d58 mode 2
Event: 19.797 Thread 0x0000014ad181f0c0 Uncommon trap: trap_request=0xffffffde fr.pc=0x0000014a87c8d494 relative=0x00000000000003b4
Event: 19.797 Thread 0x0000014ad181f0c0 Uncommon trap: reason=class_check action=maybe_recompile pc=0x0000014a87c8d494 method=java.util.regex.Pattern$BmpCharPropertyGreedy.match(Ljava/util/regex/Matcher;ILjava/lang/CharSequence;)Z @ 70 c2
Event: 19.797 Thread 0x0000014ad181f0c0 DEOPT PACKING pc=0x0000014a87c8d494 sp=0x0000001db8ff3100
Event: 19.797 Thread 0x0000014ad181f0c0 DEOPT UNPACKING pc=0x0000014a874a3aa2 sp=0x0000001db8ff30a8 mode 2
Event: 19.797 Thread 0x0000014ad181f0c0 Uncommon trap: trap_request=0xffffffde fr.pc=0x0000014a87c8d494 relative=0x00000000000003b4
Event: 19.797 Thread 0x0000014ad181f0c0 Uncommon trap: reason=class_check action=maybe_recompile pc=0x0000014a87c8d494 method=java.util.regex.Pattern$BmpCharPropertyGreedy.match(Ljava/util/regex/Matcher;ILjava/lang/CharSequence;)Z @ 70 c2
Event: 19.797 Thread 0x0000014ad181f0c0 DEOPT PACKING pc=0x0000014a87c8d494 sp=0x0000001db8ff2f50
Event: 19.797 Thread 0x0000014ad181f0c0 DEOPT UNPACKING pc=0x0000014a874a3aa2 sp=0x0000001db8ff2ef8 mode 2
Event: 19.797 Thread 0x0000014ad181f0c0 Uncommon trap: trap_request=0xffffffde fr.pc=0x0000014a87c8d494 relative=0x00000000000003b4
Event: 19.797 Thread 0x0000014ad181f0c0 Uncommon trap: reason=class_check action=maybe_recompile pc=0x0000014a87c8d494 method=java.util.regex.Pattern$BmpCharPropertyGreedy.match(Ljava/util/regex/Matcher;ILjava/lang/CharSequence;)Z @ 70 c2
Event: 19.797 Thread 0x0000014ad181f0c0 DEOPT PACKING pc=0x0000014a87c8d494 sp=0x0000001db8ff3110
Event: 19.797 Thread 0x0000014ad181f0c0 DEOPT UNPACKING pc=0x0000014a874a3aa2 sp=0x0000001db8ff30b8 mode 2
Event: 19.797 Thread 0x0000014ad181f0c0 Uncommon trap: trap_request=0xffffffde fr.pc=0x0000014a87c8d494 relative=0x00000000000003b4
Event: 19.797 Thread 0x0000014ad181f0c0 Uncommon trap: reason=class_check action=maybe_recompile pc=0x0000014a87c8d494 method=java.util.regex.Pattern$BmpCharPropertyGreedy.match(Ljava/util/regex/Matcher;ILjava/lang/CharSequence;)Z @ 70 c2
Event: 19.797 Thread 0x0000014ad181f0c0 DEOPT PACKING pc=0x0000014a87c8d494 sp=0x0000001db8ff2f60
Event: 19.797 Thread 0x0000014ad181f0c0 DEOPT UNPACKING pc=0x0000014a874a3aa2 sp=0x0000001db8ff2f08 mode 2

Classes loaded (20 events):
Event: 17.701 Loading class java/net/Authenticator
Event: 17.702 Loading class java/net/Authenticator done
Event: 19.786 Loading class java/util/Collections$UnmodifiableSortedSet
Event: 19.786 Loading class java/util/Collections$UnmodifiableSortedSet done
Event: 19.793 Loading class java/util/zip/GZIPInputStream
Event: 19.793 Loading class java/util/zip/GZIPInputStream done
Event: 19.795 Loading class java/util/zip/GZIPOutputStream
Event: 19.795 Loading class java/util/zip/GZIPOutputStream done
Event: 19.817 Loading class java/io/StringReader
Event: 19.817 Loading class java/io/StringReader done
Event: 19.828 Loading class java/net/SocketTimeoutException
Event: 19.828 Loading class java/io/InterruptedIOException
Event: 19.828 Loading class java/io/InterruptedIOException done
Event: 19.828 Loading class java/net/SocketTimeoutException done
Event: 19.828 Loading class java/net/SocketException
Event: 19.829 Loading class java/net/SocketException done
Event: 19.829 Loading class java/net/UnknownHostException
Event: 19.829 Loading class java/net/UnknownHostException done
Event: 19.829 Loading class java/net/ProtocolException
Event: 19.829 Loading class java/net/ProtocolException done

Classes unloaded (0 events):
No events

Classes redefined (0 events):
No events

Internal exceptions (20 events):
Event: 17.465 Thread 0x0000014ad181f0c0 Exception <a 'java/lang/NoSuchMethodError'{0x00000000d64b5d48}: 'void java.lang.invoke.DirectMethodHandle$Holder.invokeSpecial(java.lang.Object, java.lang.Object, java.lang.Object, int)'> (0x00000000d64b5d48) 
thrown [s\src\hotspot\share\interpreter\linkResolver.cpp, line 773]
Event: 17.466 Thread 0x0000014ad181f0c0 Exception <a 'java/lang/NoSuchMethodError'{0x00000000d64b96d8}: 'void java.lang.invoke.DelegatingMethodHandle$Holder.reinvoke_L(java.lang.Object, java.lang.Object, int)'> (0x00000000d64b96d8) 
thrown [s\src\hotspot\share\interpreter\linkResolver.cpp, line 773]
Event: 17.467 Thread 0x0000014ad181f0c0 Exception <a 'java/lang/NoSuchMethodError'{0x00000000d64c03c0}: 'int java.lang.invoke.Invokers$Holder.invokeExact_MT(java.lang.Object, java.lang.Object, java.lang.Object)'> (0x00000000d64c03c0) 
thrown [s\src\hotspot\share\interpreter\linkResolver.cpp, line 773]
Event: 17.498 Thread 0x0000014ad181f0c0 Exception <a 'java/lang/NoSuchMethodError'{0x00000000d65c6d48}: 'void java.lang.invoke.Invokers$Holder.invokeExact_MT(java.lang.Object, java.lang.Object, int, java.lang.Object)'> (0x00000000d65c6d48) 
thrown [s\src\hotspot\share\interpreter\linkResolver.cpp, line 773]
Event: 17.524 Thread 0x0000014ad181f0c0 Exception <a 'java/lang/NoSuchMethodError'{0x00000000d66b26d8}: 'java.lang.Object java.lang.invoke.DirectMethodHandle$Holder.invokeSpecial(java.lang.Object, java.lang.Object, java.lang.Object, long, java.lang.Object)'> (0x00000000d66b26d8) 
thrown [s\src\hotspot\share\interpreter\linkResolver.cpp, line 773]
Event: 17.524 Thread 0x0000014ad181f0c0 Exception <a 'java/lang/NoSuchMethodError'{0x00000000d66b9f20}: 'java.lang.Object java.lang.invoke.DirectMethodHandle$Holder.newInvokeSpecial(java.lang.Object, java.lang.Object, java.lang.Object, long)'> (0x00000000d66b9f20) 
thrown [s\src\hotspot\share\interpreter\linkResolver.cpp, line 773]
Event: 17.525 Thread 0x0000014ad181f0c0 Exception <a 'java/lang/NoSuchMethodError'{0x00000000d66be310}: 'java.lang.Object java.lang.invoke.DirectMethodHandle$Holder.invokeSpecial(java.lang.Object, java.lang.Object, java.lang.Object, java.lang.Object, long)'> (0x00000000d66be310) 
thrown [s\src\hotspot\share\interpreter\linkResolver.cpp, line 773]
Event: 17.525 Thread 0x0000014ad181f0c0 Exception <a 'java/lang/NoSuchMethodError'{0x00000000d66c1f30}: 'java.lang.Object java.lang.invoke.Invokers$Holder.linkToTargetMethod(java.lang.Object, java.lang.Object, long, java.lang.Object)'> (0x00000000d66c1f30) 
thrown [s\src\hotspot\share\interpreter\linkResolver.cpp, line 773]
Event: 17.541 Thread 0x0000014ad181f0c0 Exception <a 'java/lang/NoSuchMethodError'{0x00000000d6719f48}: 'int java.lang.invoke.DirectMethodHandle$Holder.invokeStaticInit(java.lang.Object, java.lang.Object, java.lang.Object)'> (0x00000000d6719f48) 
thrown [s\src\hotspot\share\interpreter\linkResolver.cpp, line 773]
Event: 17.550 Thread 0x0000014ad181f0c0 Exception <a 'java/lang/IncompatibleClassChangeError'{0x00000000d67b16e8}: Found class java.lang.Object, but interface was expected> (0x00000000d67b16e8) 
thrown [s\src\hotspot\share\interpreter\linkResolver.cpp, line 840]
Event: 17.582 Thread 0x0000014ad181f0c0 Exception <a 'java/lang/NoSuchMethodError'{0x00000000d67e20b0}: 'java.lang.Object java.lang.invoke.DirectMethodHandle$Holder.invokeSpecial(java.lang.Object, java.lang.Object, java.lang.Object, int, java.lang.Object, java.lang.Object)'> (0x00000000d67e20b0) 
thrown [s\src\hotspot\share\interpreter\linkResolver.cpp, line 773]
Event: 17.582 Thread 0x0000014ad181f0c0 Exception <a 'java/lang/NoSuchMethodError'{0x00000000d67e9b88}: 'java.lang.Object java.lang.invoke.DirectMethodHandle$Holder.newInvokeSpecial(java.lang.Object, java.lang.Object, java.lang.Object, int, java.lang.Object)'> (0x00000000d67e9b88) 
thrown [s\src\hotspot\share\interpreter\linkResolver.cpp, line 773]
Event: 17.583 Thread 0x0000014ad181f0c0 Exception <a 'java/lang/NoSuchMethodError'{0x00000000d67edb48}: 'java.lang.Object java.lang.invoke.DirectMethodHandle$Holder.invokeSpecial(java.lang.Object, java.lang.Object, java.lang.Object, java.lang.Object, int, java.lang.Object)'> (0x00000000d67edb48) 
thrown [s\src\hotspot\share\interpreter\linkResolver.cpp, line 773]
Event: 17.583 Thread 0x0000014ad181f0c0 Exception <a 'java/lang/NoSuchMethodError'{0x00000000d67f1688}: 'java.lang.Object java.lang.invoke.Invokers$Holder.linkToTargetMethod(java.lang.Object, java.lang.Object, int, java.lang.Object, java.lang.Object)'> (0x00000000d67f1688) 
thrown [s\src\hotspot\share\interpreter\linkResolver.cpp, line 773]
Event: 17.584 Thread 0x0000014ad73512f0 Exception <a 'java/lang/NoSuchMethodError'{0x00000000d671ba98}: 'java.lang.Object java.lang.invoke.DirectMethodHandle$Holder.invokeSpecial(java.lang.Object, java.lang.Object, int, java.lang.Object, java.lang.Object)'> (0x00000000d671ba98) 
thrown [s\src\hotspot\share\interpreter\linkResolver.cpp, line 773]
Event: 17.585 Thread 0x0000014ad73512f0 Exception <a 'java/lang/NoSuchMethodError'{0x00000000d67227d0}: 'java.lang.Object java.lang.invoke.DirectMethodHandle$Holder.newInvokeSpecial(java.lang.Object, java.lang.Object, int, java.lang.Object)'> (0x00000000d67227d0) 
thrown [s\src\hotspot\share\interpreter\linkResolver.cpp, line 773]
Event: 17.586 Thread 0x0000014ad73512f0 Exception <a 'java/lang/NoSuchMethodError'{0x00000000d67260f0}: 'java.lang.Object java.lang.invoke.DirectMethodHandle$Holder.invokeSpecial(java.lang.Object, java.lang.Object, java.lang.Object, int, java.lang.Object)'> (0x00000000d67260f0) 
thrown [s\src\hotspot\share\interpreter\linkResolver.cpp, line 773]
Event: 17.657 Thread 0x0000014ad181f0c0 Exception <a 'java/lang/NoSuchMethodError'{0x00000000d6909c80}: 'void java.lang.invoke.DirectMethodHandle$Holder.invokeSpecial(java.lang.Object, java.lang.Object, java.lang.Object, java.lang.Object, java.lang.Object)'> (0x00000000d6909c80) 
thrown [s\src\hotspot\share\interpreter\linkResolver.cpp, line 773]
Event: 19.783 Thread 0x0000014ad181f0c0 Exception <a 'java/lang/NoSuchMethodError'{0x00000000d6bed3a8}: 'double java.lang.invoke.DirectMethodHandle$Holder.invokeStatic(java.lang.Object, java.lang.Object)'> (0x00000000d6bed3a8) 
thrown [s\src\hotspot\share\interpreter\linkResolver.cpp, line 773]
Event: 19.784 Thread 0x0000014ad181f0c0 Exception <a 'java/lang/NoSuchMethodError'{0x00000000d6bf0a68}: 'double java.lang.invoke.DirectMethodHandle$Holder.invokeStaticInit(java.lang.Object, java.lang.Object)'> (0x00000000d6bf0a68) 
thrown [s\src\hotspot\share\interpreter\linkResolver.cpp, line 773]

ZGC Phase Switch (0 events):
No events

VM Operations (20 events):
Event: 14.690 Executing VM operation: HandshakeAllThreads (Deoptimize)
Event: 14.690 Executing VM operation: HandshakeAllThreads (Deoptimize) done
Event: 14.697 Executing VM operation: HandshakeAllThreads (Deoptimize)
Event: 14.697 Executing VM operation: HandshakeAllThreads (Deoptimize) done
Event: 14.722 Executing VM operation: HandshakeAllThreads (Deoptimize)
Event: 14.722 Executing VM operation: HandshakeAllThreads (Deoptimize) done
Event: 15.119 Executing VM operation: HandshakeAllThreads (Deoptimize)
Event: 15.119 Executing VM operation: HandshakeAllThreads (Deoptimize) done
Event: 16.132 Executing VM operation: Cleanup
Event: 16.132 Executing VM operation: Cleanup done
Event: 17.444 Executing VM operation: HandshakeAllThreads (Deoptimize)
Event: 17.444 Executing VM operation: HandshakeAllThreads (Deoptimize) done
Event: 17.444 Executing VM operation: Cleanup
Event: 17.444 Executing VM operation: Cleanup done
Event: 18.458 Executing VM operation: Cleanup
Event: 18.458 Executing VM operation: Cleanup done
Event: 19.460 Executing VM operation: Cleanup
Event: 19.460 Executing VM operation: Cleanup done
Event: 19.820 Executing VM operation: ParallelGCFailedAllocation (Allocation Failure)
Event: 19.823 Executing VM operation: ParallelGCFailedAllocation (Allocation Failure) done

Memory protections (0 events):
No events

Nmethod flushes (0 events):
No events

Events (20 events):
Event: 2.391 Thread 0x0000014ad1819700 Thread added: 0x0000014ad7307950
Event: 2.895 Thread 0x0000014af65f2770 Thread added: 0x0000014ad78dc4f0
Event: 3.590 Thread 0x0000014ad7307950 Thread exited: 0x0000014ad7307950
Event: 4.178 Thread 0x0000014ad181f0c0 Thread exited: 0x0000014ad181f0c0
Event: 5.473 Thread 0x0000014ad1819700 Thread exited: 0x0000014ad1819700
Event: 13.352 Thread 0x0000014af65f2770 Thread added: 0x0000014ad18208e0
Event: 13.360 Thread 0x0000014af65f2770 Thread added: 0x0000014ad181f0c0
Event: 13.655 Thread 0x0000014ad181f0c0 Thread added: 0x0000014ad1a77dc0
Event: 13.683 Thread 0x0000014ad172e2e0 Thread added: 0x0000014ad732db90
Event: 13.898 Thread 0x0000014ad172e2e0 Thread added: 0x0000014ad732abe0
Event: 14.364 Thread 0x0000014ad181f0c0 Thread added: 0x0000014ad768bb70
Event: 14.411 Thread 0x0000014ad732abe0 Thread exited: 0x0000014ad732abe0
Event: 17.479 Thread 0x0000014ad181f0c0 Thread added: 0x0000014ad708d080
Event: 17.532 Thread 0x0000014ad181f0c0 Thread added: 0x0000014ad73512f0
Event: 17.585 Thread 0x0000014ad181f0c0 Thread added: 0x0000014ad7091710
Event: 17.711 Thread 0x0000014ad732db90 Thread added: 0x0000014ad732cdf0
Event: 19.538 Thread 0x0000014ad732cdf0 Thread exited: 0x0000014ad732cdf0
Event: 19.774 Thread 0x0000014ad732db90 Thread exited: 0x0000014ad732db90
Event: 19.808 Thread 0x0000014ad172e2e0 Thread added: 0x0000014ad777a6b0
Event: 19.808 Thread 0x0000014ad172e2e0 Thread added: 0x0000014ad777ad80


Dynamic libraries:
0x00007ff60a2d0000 - 0x00007ff60a2de000 	c:\Users\HP\.vscode\extensions\redhat.java-1.46.0-win32-x64\jre\21.0.8-win32-x86_64\bin\java.exe
0x00007ffc85c40000 - 0x00007ffc85ea8000 	C:\WINDOWS\SYSTEM32\ntdll.dll
0x00007ffc83e80000 - 0x00007ffc83f49000 	C:\WINDOWS\System32\KERNEL32.DLL
0x00007ffc83610000 - 0x00007ffc83a02000 	C:\WINDOWS\System32\KERNELBASE.dll
0x00007ffc83330000 - 0x00007ffc8347b000 	C:\WINDOWS\System32\ucrtbase.dll
0x00007ffc7bf00000 - 0x00007ffc7bf18000 	c:\Users\HP\.vscode\extensions\redhat.java-1.46.0-win32-x64\jre\21.0.8-win32-x86_64\bin\jli.dll
0x00007ffc7b1c0000 - 0x00007ffc7b1de000 	c:\Users\HP\.vscode\extensions\redhat.java-1.46.0-win32-x64\jre\21.0.8-win32-x86_64\bin\VCRUNTIME140.dll
0x00007ffc83b90000 - 0x00007ffc83d55000 	C:\WINDOWS\System32\USER32.dll
0x00007ffc83480000 - 0x00007ffc834a7000 	C:\WINDOWS\System32\win32u.dll
0x00007ffc84790000 - 0x00007ffc847bb000 	C:\WINDOWS\System32\GDI32.dll
0x00007ffc6b1b0000 - 0x00007ffc6b443000 	C:\WINDOWS\WinSxS\amd64_microsoft.windows.common-controls_6595b64144ccf1df_6.0.26100.6725_none_3e085828e334708b\COMCTL32.dll
0x00007ffc82ff0000 - 0x00007ffc8311d000 	C:\WINDOWS\System32\gdi32full.dll
0x00007ffc82f40000 - 0x00007ffc82fe3000 	C:\WINDOWS\System32\msvcp_win.dll
0x00007ffc84e60000 - 0x00007ffc84f09000 	C:\WINDOWS\System32\msvcrt.dll
0x00007ffc83b50000 - 0x00007ffc83b7f000 	C:\WINDOWS\System32\IMM32.DLL
0x00007ffc7dd90000 - 0x00007ffc7dd9c000 	c:\Users\HP\.vscode\extensions\redhat.java-1.46.0-win32-x64\jre\21.0.8-win32-x86_64\bin\vcruntime140_1.dll
0x00007ffc77f40000 - 0x00007ffc77fcd000 	c:\Users\HP\.vscode\extensions\redhat.java-1.46.0-win32-x64\jre\21.0.8-win32-x86_64\bin\msvcp140.dll
0x00007ffc0d2b0000 - 0x00007ffc0e047000 	c:\Users\HP\.vscode\extensions\redhat.java-1.46.0-win32-x64\jre\21.0.8-win32-x86_64\bin\server\jvm.dll
0x00007ffc83a10000 - 0x00007ffc83ac4000 	C:\WINDOWS\System32\ADVAPI32.dll
0x00007ffc84f90000 - 0x00007ffc85036000 	C:\WINDOWS\System32\sechost.dll
0x00007ffc84350000 - 0x00007ffc84468000 	C:\WINDOWS\System32\RPCRT4.dll
0x00007ffc842d0000 - 0x00007ffc84344000 	C:\WINDOWS\System32\WS2_32.dll
0x00007ffc82b80000 - 0x00007ffc82bde000 	C:\WINDOWS\SYSTEM32\POWRPROF.dll
0x00007ffc7ad50000 - 0x00007ffc7ad85000 	C:\WINDOWS\SYSTEM32\WINMM.dll
0x00007ffc7ad90000 - 0x00007ffc7ad9b000 	C:\WINDOWS\SYSTEM32\VERSION.dll
0x00007ffc82b60000 - 0x00007ffc82b74000 	C:\WINDOWS\SYSTEM32\UMPDC.dll
0x00007ffc81ba0000 - 0x00007ffc81bbb000 	C:\WINDOWS\SYSTEM32\kernel.appcore.dll
0x00007ffc77f30000 - 0x00007ffc77f3a000 	c:\Users\HP\.vscode\extensions\redhat.java-1.46.0-win32-x64\jre\21.0.8-win32-x86_64\bin\jimage.dll
0x00007ffc76d40000 - 0x00007ffc76f82000 	C:\WINDOWS\SYSTEM32\DBGHELP.DLL
0x00007ffc85880000 - 0x00007ffc85bfb000 	C:\WINDOWS\System32\combase.dll
0x00007ffc84630000 - 0x00007ffc84707000 	C:\WINDOWS\System32\OLEAUT32.dll
0x00007ffc67120000 - 0x00007ffc6715c000 	C:\WINDOWS\SYSTEM32\dbgcore.DLL
0x00007ffc83570000 - 0x00007ffc83608000 	C:\WINDOWS\System32\bcryptPrimitives.dll
0x00007ffc7de10000 - 0x00007ffc7de1f000 	c:\Users\HP\.vscode\extensions\redhat.java-1.46.0-win32-x64\jre\21.0.8-win32-x86_64\bin\instrument.dll
0x00007ffc77df0000 - 0x00007ffc77e0f000 	c:\Users\HP\.vscode\extensions\redhat.java-1.46.0-win32-x64\jre\21.0.8-win32-x86_64\bin\java.dll
0x00007ffc85100000 - 0x00007ffc8584c000 	C:\WINDOWS\System32\SHELL32.dll
0x00007ffc82dd0000 - 0x00007ffc82f3b000 	C:\WINDOWS\System32\wintypes.dll
0x00007ffc80a40000 - 0x00007ffc8129d000 	C:\WINDOWS\SYSTEM32\windows.storage.dll
0x00007ffc847c0000 - 0x00007ffc848b2000 	C:\WINDOWS\System32\SHCORE.dll
0x00007ffc84f10000 - 0x00007ffc84f72000 	C:\WINDOWS\System32\shlwapi.dll
0x00007ffc82cf0000 - 0x00007ffc82d19000 	C:\WINDOWS\SYSTEM32\profapi.dll
0x00007ffc77d80000 - 0x00007ffc77d98000 	c:\Users\HP\.vscode\extensions\redhat.java-1.46.0-win32-x64\jre\21.0.8-win32-x86_64\bin\zip.dll
0x00007ffc77d70000 - 0x00007ffc77d80000 	C:\Users\HP\.vscode\extensions\redhat.java-1.46.0-win32-x64\jre\21.0.8-win32-x86_64\bin\net.dll
0x00007ffc78880000 - 0x00007ffc7899f000 	C:\WINDOWS\SYSTEM32\WINHTTP.dll
0x00007ffc82110000 - 0x00007ffc8217b000 	C:\WINDOWS\system32\mswsock.dll
0x00007ffc77c90000 - 0x00007ffc77ca6000 	C:\Users\HP\.vscode\extensions\redhat.java-1.46.0-win32-x64\jre\21.0.8-win32-x86_64\bin\nio.dll
0x00007ffc7de00000 - 0x00007ffc7de10000 	c:\Users\HP\.vscode\extensions\redhat.java-1.46.0-win32-x64\jre\21.0.8-win32-x86_64\bin\verify.dll
0x00007ffc780c0000 - 0x00007ffc78104000 	C:\Users\HP\AppData\Roaming\Code\User\globalStorage\redhat.java\1.46.0\config_ss_win\org.eclipse.equinox.launcher\org.eclipse.equinox.launcher.win32.win32.x86_64_1.2.1400.v20250801-0854\eclipse_11916.dll
0x00007ffc83f50000 - 0x00007ffc840e8000 	C:\WINDOWS\System32\ole32.dll
0x00007ffc823d0000 - 0x00007ffc823eb000 	C:\WINDOWS\SYSTEM32\CRYPTSP.dll
0x00007ffc81b00000 - 0x00007ffc81b3b000 	C:\WINDOWS\system32\rsaenh.dll
0x00007ffc821b0000 - 0x00007ffc821db000 	C:\WINDOWS\SYSTEM32\USERENV.dll
0x00007ffc82cc0000 - 0x00007ffc82ce6000 	C:\WINDOWS\SYSTEM32\bcrypt.dll
0x00007ffc823c0000 - 0x00007ffc823cc000 	C:\WINDOWS\SYSTEM32\CRYPTBASE.dll
0x00007ffc81670000 - 0x00007ffc816a4000 	C:\WINDOWS\SYSTEM32\IPHLPAPI.DLL
0x00007ffc84f80000 - 0x00007ffc84f8a000 	C:\WINDOWS\System32\NSI.dll
0x00007ffc78020000 - 0x00007ffc78069000 	C:\Users\HP\AppData\Local\Temp\jna-2312\jna11899887883980240116.dll
0x00007ffc849c0000 - 0x00007ffc849c8000 	C:\WINDOWS\System32\PSAPI.DLL

JVMTI agents:
c:\Users\HP\.vscode\extensions\redhat.java-1.46.0-win32-x64\lombok\lombok-1.18.39-4050.jar path:c:\Users\HP\.vscode\extensions\redhat.java-1.46.0-win32-x64\jre\21.0.8-win32-x86_64\bin\instrument.dll, loaded, initialized, instrumentlib options:none

dbghelp: loaded successfully - version: 4.0.5 - missing functions: none
symbol engine: initialized successfully - sym options: 0x614 - pdb path: .;c:\Users\HP\.vscode\extensions\redhat.java-1.46.0-win32-x64\jre\21.0.8-win32-x86_64\bin;C:\WINDOWS\SYSTEM32;C:\WINDOWS\WinSxS\amd64_microsoft.windows.common-controls_6595b64144ccf1df_6.0.26100.6725_none_3e085828e334708b;c:\Users\HP\.vscode\extensions\redhat.java-1.46.0-win32-x64\jre\21.0.8-win32-x86_64\bin\server;C:\Users\HP\AppData\Roaming\Code\User\globalStorage\redhat.java\1.46.0\config_ss_win\org.eclipse.equinox.launcher\org.eclipse.equinox.launcher.win32.win32.x86_64_1.2.1400.v20250801-0854;C:\Users\HP\AppData\Local\Temp\jna-2312

VM Arguments:
jvm_args: --add-modules=ALL-SYSTEM --add-opens=java.base/java.util=ALL-UNNAMED --add-opens=java.base/java.lang=ALL-UNNAMED --add-opens=java.base/sun.nio.fs=ALL-UNNAMED -Declipse.application=org.eclipse.jdt.ls.core.id1 -Dosgi.bundles.defaultStartLevel=4 -Declipse.product=org.eclipse.jdt.ls.core.product -Djava.import.generatesMetadataFilesAtProjectRoot=false -DDetectVMInstallationsJob.disabled=true -Dfile.encoding=utf8 -XX:+UseParallelGC -XX:GCTimeRatio=4 -XX:AdaptiveSizePolicyWeight=90 -Dsun.zip.disableMemoryMapping=true -Xmx2G -Xms100m -Xlog:disable -javaagent:c:\Users\HP\.vscode\extensions\redhat.java-1.46.0-win32-x64\lombok\lombok-1.18.39-4050.jar 
java_command: c:\Users\HP\.vscode\extensions\redhat.java-1.46.0-win32-x64\server\plugins\org.eclipse.equinox.launcher_1.7.0.v20250519-0528.jar -configuration c:\Users\HP\AppData\Roaming\Code\User\globalStorage\redhat.java\1.46.0\config_ss_win -data c:\Users\HP\AppData\Roaming\Code\User\workspaceStorage\01155f6470c2193fb5eef4bf7297330a\redhat.java\ss_ws --pipe=\\.\pipe\lsp-3482ddfb6d2bb2a2aea582f10c6c6299-sock
java_class_path (initial): c:\Users\HP\.vscode\extensions\redhat.java-1.46.0-win32-x64\server\plugins\org.eclipse.equinox.launcher_1.7.0.v20250519-0528.jar
Launcher Type: SUN_STANDARD

[Global flags]
    uintx AdaptiveSizePolicyWeight                 = 90                                        {product} {command line}
     intx CICompilerCount                          = 12                                        {product} {ergonomic}
    uintx GCTimeRatio                              = 4                                         {product} {command line}
   size_t InitialHeapSize                          = 104857600                                 {product} {command line}
   size_t MaxHeapSize                              = 2147483648                                {product} {command line}
   size_t MaxNewSize                               = 715653120                                 {product} {ergonomic}
   size_t MinHeapDeltaBytes                        = 524288                                    {product} {ergonomic}
   size_t MinHeapSize                              = 104857600                                 {product} {command line}
   size_t NewSize                                  = 34603008                                  {product} {ergonomic}
    uintx NonNMethodCodeHeapSize                   = 7602480                                {pd product} {ergonomic}
    uintx NonProfiledCodeHeapSize                  = 122027880                              {pd product} {ergonomic}
   size_t OldSize                                  = 70254592                                  {product} {ergonomic}
    uintx ProfiledCodeHeapSize                     = 122027880                              {pd product} {ergonomic}
    uintx ReservedCodeCacheSize                    = 251658240                              {pd product} {ergonomic}
     bool SegmentedCodeCache                       = true                                      {product} {ergonomic}
   size_t SoftMaxHeapSize                          = 2147483648                             {manageable} {ergonomic}
     bool UseCompressedOops                        = true                           {product lp64_product} {ergonomic}
     bool UseLargePagesIndividualAllocation        = false                                  {pd product} {ergonomic}
     bool UseParallelGC                            = true                                      {product} {command line}

Logging:
Log output configuration:
 #0: stdout all=off uptime,level,tags foldmultilines=false
 #1: stderr all=off uptime,level,tags foldmultilines=false

Environment Variables:
JAVA_HOME=C:\Program Files\Java\jdk-17
PATH=C:\Program Files\Common Files\Oracle\Java\javapath;C:\WINDOWS\system32;C:\WINDOWS;C:\WINDOWS\System32\Wbem;C:\WINDOWS\System32\WindowsPowerShell\v1.0\;C:\WINDOWS\System32\OpenSSH\;C:\Program Files\Git\cmd;C:\Program Files\nodejs\;C:\Users\HP\AppData\Local\Android\Sdk\platform-tools;C:\Program Files\Java\jdk-17\bin;C:\Users\HP\AppData\Local\Android\Sdk\tools;C:\Users\HP\AppData\Local\Android\Sdk\tools\bin;C:\Windows;C:\Users\HP\AppData\Local\Programs\Python\Python313\Scripts;C:\Users\HP\AppData\Local\Programs\Python\Python313\;C:\Users\HP\AppData\Local\Programs\Python\Launcher\;C:\Users\HP\AppData\Local\Microsoft\WindowsApps;C:\Users\HP\AppData\Local\Programs\Microsoft VS Code\bin;C:\Users\HP\AppData\Local\GitHubDesktop\bin;C:\Program Files\Java\jdk-17\bin;C:\flutter\bin;C:\Program Files\Java\jdk-17;C:\Users\HP\AppData\Roaming\npm;C:\Users\HP\AppData\Local\Android\Sdk\platform-tools
USERNAME=HP
OS=Windows_NT
PROCESSOR_IDENTIFIER=AMD64 Family 23 Model 104 Stepping 1, AuthenticAMD
TMP=C:\Users\HP\AppData\Local\Temp
TEMP=C:\Users\HP\AppData\Local\Temp




Periodic native trim disabled

---------------  S Y S T E M  ---------------

OS:
 Windows 11 , 64 bit Build 26100 (10.0.26100.6725)
OS uptime: 0 days 3:47 hours

CPU: total 16 (initial active 16) (16 cores per cpu, 2 threads per core) family 23 model 104 stepping 1 microcode 0x8608107, cx8, cmov, fxsr, ht, mmx, 3dnowpref, sse, sse2, sse3, ssse3, sse4a, sse4.1, sse4.2, popcnt, lzcnt, tsc, tscinvbit, avx, avx2, aes, clmul, bmi1, bmi2, adx, sha, fma, vzeroupper, clflush, clflushopt, rdtscp, rdpid, f16c
Processor Information for the first 16 processors :
  Max Mhz: 1801, Current Mhz: 1801, Mhz Limit: 1801

Memory: 4k page, system-wide physical 15693M (702M free)
TotalPageFile size 57778M (AvailPageFile size 4M)
current process WorkingSet (physical memory assigned to process): 114M, peak: 114M
current process commit charge ("private bytes"): 284M, peak: 284M

vm_info: OpenJDK 64-Bit Server VM (21.0.8+9-LTS) for windows-amd64 JRE (21.0.8+9-LTS), built on 2025-07-15T00:00:00Z by "admin" with MS VC++ 17.7 (VS2022)

END.
